{"D:\\dcprint\\erp-project\\src\\app\\api\\auth\\login\\route.ts": {"path":"D:\\dcprint\\erp-project\\src\\app\\api\\auth\\login\\route.ts","statementMap":{"0":{"start":{"line":6,"column":19},"end":{"line":6,"column":null}},"1":{"start":{"line":8,"column":0},"end":{"line":10,"column":null}},"2":{"start":{"line":9,"column":2},"end":{"line":10,"column":null}},"3":{"start":{"line":10,"column":4},"end":{"line":10,"column":null}},"4":{"start":{"line":14,"column":19},"end":{"line":14,"column":null}},"5":{"start":{"line":16,"column":27},"end":{"line":16,"column":null}},"6":{"start":{"line":17,"column":24},"end":{"line":17,"column":null}},"7":{"start":{"line":20,"column":2},"end":{"line":20,"column":null}},"8":{"start":{"line":24,"column":14},"end":{"line":24,"column":52}},"9":{"start":{"line":25,"column":2},"end":{"line":27,"column":null}},"10":{"start":{"line":26,"column":16},"end":{"line":26,"column":51}},"11":{"start":{"line":26,"column":41},"end":{"line":26,"column":50}},"12":{"start":{"line":27,"column":4},"end":{"line":27,"column":null}},"13":{"start":{"line":29,"column":2},"end":{"line":29,"column":null}},"14":{"start":{"line":33,"column":2},"end":{"line":224,"column":null}},"15":{"start":{"line":34,"column":17},"end":{"line":34,"column":37}},"16":{"start":{"line":35,"column":35},"end":{"line":35,"column":null}},"17":{"start":{"line":37,"column":4},"end":{"line":41,"column":null}},"18":{"start":{"line":38,"column":6},"end":{"line":41,"column":null}},"19":{"start":{"line":45,"column":4},"end":{"line":57,"column":null}},"20":{"start":{"line":46,"column":6},"end":{"line":49,"column":null}},"21":{"start":{"line":51,"column":6},"end":{"line":57,"column":null}},"22":{"start":{"line":52,"column":8},"end":{"line":55,"column":null}},"23":{"start":{"line":57,"column":8},"end":{"line":57,"column":null}},"24":{"start":{"line":61,"column":4},"end":{"line":66,"column":null}},"25":{"start":{"line":62,"column":6},"end":{"line":62,"column":null}},"26":{"start":{"line":63,"column":6},"end":{"line":66,"column":null}},"27":{"start":{"line":69,"column":17},"end":{"line":69,"column":null}},"28":{"start":{"line":71,"column":4},"end":{"line":76,"column":null}},"29":{"start":{"line":72,"column":6},"end":{"line":72,"column":null}},"30":{"start":{"line":73,"column":6},"end":{"line":76,"column":null}},"31":{"start":{"line":79,"column":4},"end":{"line":95,"column":null}},"32":{"start":{"line":80,"column":23},"end":{"line":80,"column":47}},"33":{"start":{"line":81,"column":18},"end":{"line":81,"column":28}},"34":{"start":{"line":82,"column":12},"end":{"line":82,"column":null}},"35":{"start":{"line":83,"column":6},"end":{"line":95,"column":null}},"36":{"start":{"line":84,"column":26},"end":{"line":84,"column":66}},"37":{"start":{"line":85,"column":8},"end":{"line":85,"column":null}},"38":{"start":{"line":86,"column":8},"end":{"line":89,"column":null}},"39":{"start":{"line":91,"column":8},"end":{"line":94,"column":null}},"40":{"start":{"line":95,"column":8},"end":{"line":95,"column":null}},"41":{"start":{"line":99,"column":28},"end":{"line":99,"column":73}},"42":{"start":{"line":101,"column":4},"end":{"line":123,"column":null}},"43":{"start":{"line":102,"column":12},"end":{"line":102,"column":null}},"44":{"start":{"line":103,"column":6},"end":{"line":123,"column":null}},"45":{"start":{"line":104,"column":8},"end":{"line":107,"column":null}},"46":{"start":{"line":108,"column":8},"end":{"line":108,"column":null}},"47":{"start":{"line":109,"column":8},"end":{"line":112,"column":null}},"48":{"start":{"line":114,"column":8},"end":{"line":117,"column":null}},"49":{"start":{"line":118,"column":26},"end":{"line":118,"column":null}},"50":{"start":{"line":119,"column":8},"end":{"line":119,"column":null}},"51":{"start":{"line":120,"column":8},"end":{"line":123,"column":null}},"52":{"start":{"line":127,"column":4},"end":{"line":130,"column":null}},"53":{"start":{"line":132,"column":22},"end":{"line":137,"column":null}},"54":{"start":{"line":140,"column":40},"end":{"line":140,"column":null}},"55":{"start":{"line":141,"column":4},"end":{"line":151,"column":null}},"56":{"start":{"line":142,"column":6},"end":{"line":151,"column":null}},"57":{"start":{"line":143,"column":32},"end":{"line":145,"column":null}},"58":{"start":{"line":147,"column":8},"end":{"line":148,"column":null}},"59":{"start":{"line":148,"column":10},"end":{"line":148,"column":null}},"60":{"start":{"line":151,"column":8},"end":{"line":151,"column":null}},"61":{"start":{"line":155,"column":32},"end":{"line":155,"column":34}},"62":{"start":{"line":156,"column":4},"end":{"line":167,"column":null}},"63":{"start":{"line":157,"column":23},"end":{"line":157,"column":57}},"64":{"start":{"line":157,"column":52},"end":{"line":157,"column":57}},"65":{"start":{"line":158,"column":27},"end":{"line":158,"column":59}},"66":{"start":{"line":158,"column":45},"end":{"line":158,"column":49}},"67":{"start":{"line":159,"column":20},"end":{"line":165,"column":null}},"68":{"start":{"line":167,"column":6},"end":{"line":167,"column":null}},"69":{"start":{"line":167,"column":46},"end":{"line":167,"column":59}},"70":{"start":{"line":170,"column":18},"end":{"line":179,"column":49}},"71":{"start":{"line":174,"column":43},"end":{"line":174,"column":null}},"72":{"start":{"line":181,"column":4},"end":{"line":187,"column":null}},"73":{"start":{"line":182,"column":6},"end":{"line":185,"column":null}},"74":{"start":{"line":187,"column":6},"end":{"line":187,"column":null}},"75":{"start":{"line":190,"column":21},"end":{"line":206,"column":null}},"76":{"start":{"line":199,"column":44},"end":{"line":203,"column":9}},"77":{"start":{"line":208,"column":4},"end":{"line":208,"column":null}},"78":{"start":{"line":210,"column":4},"end":{"line":217,"column":null}},"79":{"start":{"line":220,"column":4},"end":{"line":220,"column":null}},"80":{"start":{"line":221,"column":4},"end":{"line":224,"column":null}},"81":{"start":{"line":229,"column":2},"end":{"line":238,"column":null}},"82":{"start":{"line":230,"column":15},"end":{"line":230,"column":35}},"83":{"start":{"line":231,"column":22},"end":{"line":231,"column":null}},"84":{"start":{"line":232,"column":4},"end":{"line":236,"column":null}},"85":{"start":{"line":238,"column":4},"end":{"line":238,"column":null}},"86":{"start":{"line":243,"column":2},"end":{"line":243,"column":null}},"87":{"start":{"line":243,"column":27},"end":{"line":243,"column":null}},"88":{"start":{"line":244,"column":2},"end":{"line":244,"column":null}},"89":{"start":{"line":244,"column":30},"end":{"line":244,"column":null}},"90":{"start":{"line":245,"column":2},"end":{"line":245,"column":null}},"91":{"start":{"line":245,"column":31},"end":{"line":245,"column":null}},"92":{"start":{"line":246,"column":2},"end":{"line":246,"column":null}},"93":{"start":{"line":246,"column":30},"end":{"line":246,"column":null}},"94":{"start":{"line":247,"column":2},"end":{"line":247,"column":null}},"95":{"start":{"line":251,"column":2},"end":{"line":251,"column":null}},"96":{"start":{"line":251,"column":30},"end":{"line":251,"column":null}},"97":{"start":{"line":252,"column":2},"end":{"line":252,"column":null}},"98":{"start":{"line":252,"column":29},"end":{"line":252,"column":null}},"99":{"start":{"line":253,"column":2},"end":{"line":253,"column":null}},"100":{"start":{"line":253,"column":28},"end":{"line":253,"column":null}},"101":{"start":{"line":254,"column":2},"end":{"line":254,"column":null}},"102":{"start":{"line":254,"column":30},"end":{"line":254,"column":null}},"103":{"start":{"line":255,"column":2},"end":{"line":255,"column":null}},"104":{"start":{"line":255,"column":52},"end":{"line":255,"column":null}},"105":{"start":{"line":256,"column":2},"end":{"line":256,"column":null}}},"fnMap":{"0":{"name":"verifyPassword","decl":{"start":{"line":19,"column":15},"end":{"line":19,"column":30}},"loc":{"start":{"line":19,"column":90},"end":{"line":20,"column":null}},"line":19},"1":{"name":"getClientIP","decl":{"start":{"line":23,"column":9},"end":{"line":23,"column":21}},"loc":{"start":{"line":23,"column":51},"end":{"line":29,"column":null}},"line":23},"2":{"name":"(anonymous_2)","decl":{"start":{"line":26,"column":31},"end":{"line":26,"column":35}},"loc":{"start":{"line":26,"column":41},"end":{"line":26,"column":50}},"line":26},"3":{"name":"POST","decl":{"start":{"line":32,"column":22},"end":{"line":32,"column":27}},"loc":{"start":{"line":32,"column":49},"end":{"line":224,"column":null}},"line":32},"4":{"name":"(anonymous_4)","decl":{"start":{"line":157,"column":43},"end":{"line":157,"column":47}},"loc":{"start":{"line":157,"column":52},"end":{"line":157,"column":57}},"line":157},"5":{"name":"(anonymous_5)","decl":{"start":{"line":158,"column":35},"end":{"line":158,"column":45}},"loc":{"start":{"line":158,"column":45},"end":{"line":158,"column":49}},"line":158},"6":{"name":"(anonymous_6)","decl":{"start":{"line":167,"column":37},"end":{"line":167,"column":41}},"loc":{"start":{"line":167,"column":46},"end":{"line":167,"column":59}},"line":167},"7":{"name":"(anonymous_7)","decl":{"start":{"line":174,"column":34},"end":{"line":174,"column":38}},"loc":{"start":{"line":174,"column":43},"end":{"line":174,"column":null}},"line":174},"8":{"name":"(anonymous_8)","decl":{"start":{"line":199,"column":34},"end":{"line":199,"column":38}},"loc":{"start":{"line":199,"column":44},"end":{"line":203,"column":9}},"line":199},"9":{"name":"logLogin","decl":{"start":{"line":228,"column":15},"end":{"line":228,"column":24}},"loc":{"start":{"line":228,"column":99},"end":{"line":238,"column":null}},"line":228},"10":{"name":"parseBrowser","decl":{"start":{"line":242,"column":9},"end":{"line":242,"column":22}},"loc":{"start":{"line":242,"column":42},"end":{"line":247,"column":null}},"line":242},"11":{"name":"parseOS","decl":{"start":{"line":250,"column":9},"end":{"line":250,"column":17}},"loc":{"start":{"line":250,"column":37},"end":{"line":256,"column":null}},"line":250}},"branchMap":{"0":{"loc":{"start":{"line":8,"column":0},"end":{"line":10,"column":null}},"type":"if","locations":[{"start":{"line":8,"column":0},"end":{"line":10,"column":null}},{"start":{},"end":{}}],"line":8},"1":{"loc":{"start":{"line":9,"column":2},"end":{"line":10,"column":null}},"type":"if","locations":[{"start":{"line":9,"column":2},"end":{"line":10,"column":null}},{"start":{},"end":{}}],"line":9},"2":{"loc":{"start":{"line":14,"column":19},"end":{"line":14,"column":null}},"type":"binary-expr","locations":[{"start":{"line":14,"column":19},"end":{"line":14,"column":33}},{"start":{"line":14,"column":33},"end":{"line":14,"column":null}}],"line":14},"3":{"loc":{"start":{"line":25,"column":2},"end":{"line":27,"column":null}},"type":"if","locations":[{"start":{"line":25,"column":2},"end":{"line":27,"column":null}},{"start":{},"end":{}}],"line":25},"4":{"loc":{"start":{"line":27,"column":11},"end":{"line":27,"column":null}},"type":"binary-expr","locations":[{"start":{"line":27,"column":11},"end":{"line":27,"column":21}},{"start":{"line":27,"column":21},"end":{"line":27,"column":null}}],"line":27},"5":{"loc":{"start":{"line":29,"column":9},"end":{"line":29,"column":null}},"type":"binary-expr","locations":[{"start":{"line":29,"column":9},"end":{"line":29,"column":41}},{"start":{"line":29,"column":45},"end":{"line":29,"column":null}}],"line":29},"6":{"loc":{"start":{"line":37,"column":4},"end":{"line":41,"column":null}},"type":"if","locations":[{"start":{"line":37,"column":4},"end":{"line":41,"column":null}},{"start":{},"end":{}}],"line":37},"7":{"loc":{"start":{"line":37,"column":8},"end":{"line":37,"column":32}},"type":"binary-expr","locations":[{"start":{"line":37,"column":8},"end":{"line":37,"column":21}},{"start":{"line":37,"column":21},"end":{"line":37,"column":32}}],"line":37},"8":{"loc":{"start":{"line":51,"column":6},"end":{"line":57,"column":null}},"type":"if","locations":[{"start":{"line":51,"column":6},"end":{"line":57,"column":null}},{"start":{"line":56,"column":13},"end":{"line":57,"column":null}}],"line":51},"9":{"loc":{"start":{"line":61,"column":4},"end":{"line":66,"column":null}},"type":"if","locations":[{"start":{"line":61,"column":4},"end":{"line":66,"column":null}},{"start":{},"end":{}}],"line":61},"10":{"loc":{"start":{"line":71,"column":4},"end":{"line":76,"column":null}},"type":"if","locations":[{"start":{"line":71,"column":4},"end":{"line":76,"column":null}},{"start":{},"end":{}}],"line":71},"11":{"loc":{"start":{"line":79,"column":4},"end":{"line":95,"column":null}},"type":"if","locations":[{"start":{"line":79,"column":4},"end":{"line":95,"column":null}},{"start":{},"end":{}}],"line":79},"12":{"loc":{"start":{"line":83,"column":6},"end":{"line":95,"column":null}},"type":"if","locations":[{"start":{"line":83,"column":6},"end":{"line":95,"column":null}},{"start":{"line":90,"column":13},"end":{"line":95,"column":null}}],"line":83},"13":{"loc":{"start":{"line":101,"column":4},"end":{"line":123,"column":null}},"type":"if","locations":[{"start":{"line":101,"column":4},"end":{"line":123,"column":null}},{"start":{},"end":{}}],"line":101},"14":{"loc":{"start":{"line":102,"column":25},"end":{"line":102,"column":55}},"type":"binary-expr","locations":[{"start":{"line":102,"column":25},"end":{"line":102,"column":50}},{"start":{"line":102,"column":50},"end":{"line":102,"column":55}}],"line":102},"15":{"loc":{"start":{"line":103,"column":6},"end":{"line":123,"column":null}},"type":"if","locations":[{"start":{"line":103,"column":6},"end":{"line":123,"column":null}},{"start":{"line":113,"column":13},"end":{"line":123,"column":null}}],"line":103},"16":{"loc":{"start":{"line":141,"column":4},"end":{"line":151,"column":null}},"type":"if","locations":[{"start":{"line":141,"column":4},"end":{"line":151,"column":null}},{"start":{},"end":{}}],"line":141},"17":{"loc":{"start":{"line":147,"column":8},"end":{"line":148,"column":null}},"type":"if","locations":[{"start":{"line":147,"column":8},"end":{"line":148,"column":null}},{"start":{},"end":{}}],"line":147},"18":{"loc":{"start":{"line":156,"column":4},"end":{"line":167,"column":null}},"type":"if","locations":[{"start":{"line":156,"column":4},"end":{"line":167,"column":null}},{"start":{},"end":{}}],"line":156},"19":{"loc":{"start":{"line":205,"column":25},"end":{"line":205,"column":47}},"type":"binary-expr","locations":[{"start":{"line":205,"column":25},"end":{"line":205,"column":45}},{"start":{"line":205,"column":45},"end":{"line":205,"column":47}}],"line":205},"20":{"loc":{"start":{"line":231,"column":22},"end":{"line":231,"column":null}},"type":"binary-expr","locations":[{"start":{"line":231,"column":22},"end":{"line":231,"column":55}},{"start":{"line":231,"column":59},"end":{"line":231,"column":null}}],"line":231},"21":{"loc":{"start":{"line":235,"column":70},"end":{"line":235,"column":87}},"type":"cond-expr","locations":[{"start":{"line":235,"column":80},"end":{"line":235,"column":84}},{"start":{"line":235,"column":84},"end":{"line":235,"column":87}}],"line":235},"22":{"loc":{"start":{"line":243,"column":2},"end":{"line":243,"column":null}},"type":"if","locations":[{"start":{"line":243,"column":2},"end":{"line":243,"column":null}},{"start":{},"end":{}}],"line":243},"23":{"loc":{"start":{"line":244,"column":2},"end":{"line":244,"column":null}},"type":"if","locations":[{"start":{"line":244,"column":2},"end":{"line":244,"column":null}},{"start":{},"end":{}}],"line":244},"24":{"loc":{"start":{"line":245,"column":2},"end":{"line":245,"column":null}},"type":"if","locations":[{"start":{"line":245,"column":2},"end":{"line":245,"column":null}},{"start":{},"end":{}}],"line":245},"25":{"loc":{"start":{"line":246,"column":2},"end":{"line":246,"column":null}},"type":"if","locations":[{"start":{"line":246,"column":2},"end":{"line":246,"column":null}},{"start":{},"end":{}}],"line":246},"26":{"loc":{"start":{"line":251,"column":2},"end":{"line":251,"column":null}},"type":"if","locations":[{"start":{"line":251,"column":2},"end":{"line":251,"column":null}},{"start":{},"end":{}}],"line":251},"27":{"loc":{"start":{"line":252,"column":2},"end":{"line":252,"column":null}},"type":"if","locations":[{"start":{"line":252,"column":2},"end":{"line":252,"column":null}},{"start":{},"end":{}}],"line":252},"28":{"loc":{"start":{"line":253,"column":2},"end":{"line":253,"column":null}},"type":"if","locations":[{"start":{"line":253,"column":2},"end":{"line":253,"column":null}},{"start":{},"end":{}}],"line":253},"29":{"loc":{"start":{"line":254,"column":2},"end":{"line":254,"column":null}},"type":"if","locations":[{"start":{"line":254,"column":2},"end":{"line":254,"column":null}},{"start":{},"end":{}}],"line":254},"30":{"loc":{"start":{"line":255,"column":2},"end":{"line":255,"column":null}},"type":"if","locations":[{"start":{"line":255,"column":2},"end":{"line":255,"column":null}},{"start":{},"end":{}}],"line":255},"31":{"loc":{"start":{"line":255,"column":6},"end":{"line":255,"column":50}},"type":"binary-expr","locations":[{"start":{"line":255,"column":6},"end":{"line":255,"column":27}},{"start":{"line":255,"column":31},"end":{"line":255,"column":50}}],"line":255}},"s":{"0":1,"1":1,"2":1,"3":0,"4":1,"5":1,"6":1,"7":4,"8":6,"9":6,"10":1,"11":1,"12":1,"13":5,"14":8,"15":8,"16":8,"17":8,"18":1,"19":7,"20":7,"21":1,"22":0,"23":1,"24":6,"25":1,"26":1,"27":5,"28":5,"29":1,"30":1,"31":4,"32":0,"33":0,"34":0,"35":0,"36":0,"37":0,"38":0,"39":0,"40":0,"41":4,"42":4,"43":2,"44":2,"45":1,"46":1,"47":1,"48":1,"49":1,"50":1,"51":1,"52":2,"53":2,"54":2,"55":2,"56":1,"57":1,"58":1,"59":0,"60":1,"61":2,"62":2,"63":1,"64":1,"65":1,"66":1,"67":1,"68":1,"69":1,"70":2,"71":1,"72":2,"73":2,"74":0,"75":2,"76":1,"77":8,"78":2,"79":1,"80":1,"81":6,"82":6,"83":6,"84":6,"85":0,"86":6,"87":0,"88":6,"89":0,"90":6,"91":0,"92":6,"93":0,"94":6,"95":6,"96":0,"97":6,"98":0,"99":6,"100":0,"101":6,"102":0,"103":6,"104":0,"105":6},"f":{"0":4,"1":6,"2":1,"3":8,"4":1,"5":1,"6":1,"7":1,"8":1,"9":6,"10":6,"11":6},"b":{"0":[1,0],"1":[0,1],"2":[1,1],"3":[1,5],"4":[1,0],"5":[5,5],"6":[1,7],"7":[8,7],"8":[0,1],"9":[1,5],"10":[1,4],"11":[0,4],"12":[0,0],"13":[2,2],"14":[2,1],"15":[1,1],"16":[1,1],"17":[0,1],"18":[1,1],"19":[2,2],"20":[6,6],"21":[2,4],"22":[0,6],"23":[0,6],"24":[0,6],"25":[0,6],"26":[0,6],"27":[0,6],"28":[0,6],"29":[0,6],"30":[0,6],"31":[6,6]},"meta":{"lastBranch":32,"lastFunction":12,"lastStatement":106,"seen":{"s:6:19:6:Infinity":0,"b:8:0:10:Infinity:undefined:undefined:undefined:undefined":0,"s:8:0:10:Infinity":1,"b:9:2:10:Infinity:undefined:undefined:undefined:undefined":1,"s:9:2:10:Infinity":2,"s:10:4:10:Infinity":3,"s:14:19:14:Infinity":4,"b:14:19:14:33:14:33:14:Infinity":2,"s:16:27:16:Infinity":5,"s:17:24:17:Infinity":6,"f:19:15:19:30":0,"s:20:2:20:Infinity":7,"f:23:9:23:21":1,"s:24:14:24:52":8,"b:25:2:27:Infinity:undefined:undefined:undefined:undefined":3,"s:25:2:27:Infinity":9,"s:26:16:26:51":10,"f:26:31:26:35":2,"s:26:41:26:50":11,"s:27:4:27:Infinity":12,"b:27:11:27:21:27:21:27:Infinity":4,"s:29:2:29:Infinity":13,"b:29:9:29:41:29:45:29:Infinity":5,"f:32:22:32:27":3,"s:33:2:224:Infinity":14,"s:34:17:34:37":15,"s:35:35:35:Infinity":16,"b:37:4:41:Infinity:undefined:undefined:undefined:undefined":6,"s:37:4:41:Infinity":17,"b:37:8:37:21:37:21:37:32":7,"s:38:6:41:Infinity":18,"s:45:4:57:Infinity":19,"s:46:6:49:Infinity":20,"b:51:6:57:Infinity:56:13:57:Infinity":8,"s:51:6:57:Infinity":21,"s:52:8:55:Infinity":22,"s:57:8:57:Infinity":23,"b:61:4:66:Infinity:undefined:undefined:undefined:undefined":9,"s:61:4:66:Infinity":24,"s:62:6:62:Infinity":25,"s:63:6:66:Infinity":26,"s:69:17:69:Infinity":27,"b:71:4:76:Infinity:undefined:undefined:undefined:undefined":10,"s:71:4:76:Infinity":28,"s:72:6:72:Infinity":29,"s:73:6:76:Infinity":30,"b:79:4:95:Infinity:undefined:undefined:undefined:undefined":11,"s:79:4:95:Infinity":31,"s:80:23:80:47":32,"s:81:18:81:28":33,"s:82:12:82:Infinity":34,"b:83:6:95:Infinity:90:13:95:Infinity":12,"s:83:6:95:Infinity":35,"s:84:26:84:66":36,"s:85:8:85:Infinity":37,"s:86:8:89:Infinity":38,"s:91:8:94:Infinity":39,"s:95:8:95:Infinity":40,"s:99:28:99:73":41,"b:101:4:123:Infinity:undefined:undefined:undefined:undefined":13,"s:101:4:123:Infinity":42,"s:102:12:102:Infinity":43,"b:102:25:102:50:102:50:102:55":14,"b:103:6:123:Infinity:113:13:123:Infinity":15,"s:103:6:123:Infinity":44,"s:104:8:107:Infinity":45,"s:108:8:108:Infinity":46,"s:109:8:112:Infinity":47,"s:114:8:117:Infinity":48,"s:118:26:118:Infinity":49,"s:119:8:119:Infinity":50,"s:120:8:123:Infinity":51,"s:127:4:130:Infinity":52,"s:132:22:137:Infinity":53,"s:140:40:140:Infinity":54,"b:141:4:151:Infinity:undefined:undefined:undefined:undefined":16,"s:141:4:151:Infinity":55,"s:142:6:151:Infinity":56,"s:143:32:145:Infinity":57,"b:147:8:148:Infinity:undefined:undefined:undefined:undefined":17,"s:147:8:148:Infinity":58,"s:148:10:148:Infinity":59,"s:151:8:151:Infinity":60,"s:155:32:155:34":61,"b:156:4:167:Infinity:undefined:undefined:undefined:undefined":18,"s:156:4:167:Infinity":62,"s:157:23:157:57":63,"f:157:43:157:47":4,"s:157:52:157:57":64,"s:158:27:158:59":65,"f:158:35:158:45":5,"s:158:45:158:49":66,"s:159:20:165:Infinity":67,"s:167:6:167:Infinity":68,"f:167:37:167:41":6,"s:167:46:167:59":69,"s:170:18:179:49":70,"f:174:34:174:38":7,"s:174:43:174:Infinity":71,"s:181:4:187:Infinity":72,"s:182:6:185:Infinity":73,"s:187:6:187:Infinity":74,"s:190:21:206:Infinity":75,"f:199:34:199:38":8,"s:199:44:203:9":76,"b:205:25:205:45:205:45:205:47":19,"s:208:4:208:Infinity":77,"s:210:4:217:Infinity":78,"s:220:4:220:Infinity":79,"s:221:4:224:Infinity":80,"f:228:15:228:24":9,"s:229:2:238:Infinity":81,"s:230:15:230:35":82,"s:231:22:231:Infinity":83,"b:231:22:231:55:231:59:231:Infinity":20,"s:232:4:236:Infinity":84,"b:235:80:235:84:235:84:235:87":21,"s:238:4:238:Infinity":85,"f:242:9:242:22":10,"b:243:2:243:Infinity:undefined:undefined:undefined:undefined":22,"s:243:2:243:Infinity":86,"s:243:27:243:Infinity":87,"b:244:2:244:Infinity:undefined:undefined:undefined:undefined":23,"s:244:2:244:Infinity":88,"s:244:30:244:Infinity":89,"b:245:2:245:Infinity:undefined:undefined:undefined:undefined":24,"s:245:2:245:Infinity":90,"s:245:31:245:Infinity":91,"b:246:2:246:Infinity:undefined:undefined:undefined:undefined":25,"s:246:2:246:Infinity":92,"s:246:30:246:Infinity":93,"s:247:2:247:Infinity":94,"f:250:9:250:17":11,"b:251:2:251:Infinity:undefined:undefined:undefined:undefined":26,"s:251:2:251:Infinity":95,"s:251:30:251:Infinity":96,"b:252:2:252:Infinity:undefined:undefined:undefined:undefined":27,"s:252:2:252:Infinity":97,"s:252:29:252:Infinity":98,"b:253:2:253:Infinity:undefined:undefined:undefined:undefined":28,"s:253:2:253:Infinity":99,"s:253:28:253:Infinity":100,"b:254:2:254:Infinity:undefined:undefined:undefined:undefined":29,"s:254:2:254:Infinity":101,"s:254:30:254:Infinity":102,"b:255:2:255:Infinity:undefined:undefined:undefined:undefined":30,"s:255:2:255:Infinity":103,"b:255:6:255:27:255:31:255:50":31,"s:255:52:255:Infinity":104,"s:256:2:256:Infinity":105}}}
,"D:\\dcprint\\erp-project\\src\\app\\api\\system\\config\\route.ts": {"path":"D:\\dcprint\\erp-project\\src\\app\\api\\system\\config\\route.ts","statementMap":{"0":{"start":{"line":5,"column":13},"end":{"line":26,"column":null}},"1":{"start":{"line":6,"column":27},"end":{"line":6,"column":47}},"2":{"start":{"line":7,"column":15},"end":{"line":7,"column":52}},"3":{"start":{"line":8,"column":19},"end":{"line":8,"column":61}},"4":{"start":{"line":9,"column":21},"end":{"line":9,"column":null}},"5":{"start":{"line":10,"column":20},"end":{"line":10,"column":null}},"6":{"start":{"line":12,"column":14},"end":{"line":12,"column":null}},"7":{"start":{"line":13,"column":24},"end":{"line":13,"column":26}},"8":{"start":{"line":14,"column":2},"end":{"line":14,"column":null}},"9":{"start":{"line":14,"column":20},"end":{"line":14,"column":56}},"10":{"start":{"line":14,"column":56},"end":{"line":14,"column":null}},"11":{"start":{"line":15,"column":2},"end":{"line":15,"column":null}},"12":{"start":{"line":15,"column":19},"end":{"line":15,"column":54}},"13":{"start":{"line":15,"column":54},"end":{"line":15,"column":null}},"14":{"start":{"line":17,"column":25},"end":{"line":17,"column":97}},"15":{"start":{"line":18,"column":16},"end":{"line":18,"column":null}},"16":{"start":{"line":20,"column":20},"end":{"line":22,"column":null}},"17":{"start":{"line":25,"column":2},"end":{"line":25,"column":null}},"18":{"start":{"line":28,"column":13},"end":{"line":38,"column":null}},"19":{"start":{"line":29,"column":15},"end":{"line":29,"column":35}},"20":{"start":{"line":30,"column":78},"end":{"line":30,"column":null}},"21":{"start":{"line":32,"column":22},"end":{"line":34,"column":null}},"22":{"start":{"line":37,"column":2},"end":{"line":37,"column":null}},"23":{"start":{"line":40,"column":13},"end":{"line":50,"column":null}},"24":{"start":{"line":41,"column":15},"end":{"line":41,"column":35}},"25":{"start":{"line":42,"column":82},"end":{"line":42,"column":null}},"26":{"start":{"line":44,"column":2},"end":{"line":47,"column":null}},"27":{"start":{"line":49,"column":2},"end":{"line":49,"column":null}},"28":{"start":{"line":52,"column":13},"end":{"line":59,"column":null}},"29":{"start":{"line":53,"column":27},"end":{"line":53,"column":47}},"30":{"start":{"line":54,"column":13},"end":{"line":54,"column":35}},"31":{"start":{"line":55,"column":2},"end":{"line":55,"column":null}},"32":{"start":{"line":55,"column":11},"end":{"line":55,"column":null}},"33":{"start":{"line":57,"column":2},"end":{"line":57,"column":null}},"34":{"start":{"line":58,"column":2},"end":{"line":58,"column":null}}},"fnMap":{"0":{"name":"(anonymous_0)","decl":{"start":{"line":5,"column":36},"end":{"line":5,"column":43}},"loc":{"start":{"line":5,"column":68},"end":{"line":26,"column":null}},"line":5},"1":{"name":"(anonymous_1)","decl":{"start":{"line":28,"column":37},"end":{"line":28,"column":44}},"loc":{"start":{"line":28,"column":69},"end":{"line":38,"column":null}},"line":28},"2":{"name":"(anonymous_2)","decl":{"start":{"line":40,"column":36},"end":{"line":40,"column":43}},"loc":{"start":{"line":40,"column":68},"end":{"line":50,"column":null}},"line":40},"3":{"name":"(anonymous_3)","decl":{"start":{"line":52,"column":39},"end":{"line":52,"column":46}},"loc":{"start":{"line":52,"column":71},"end":{"line":59,"column":null}},"line":52}},"branchMap":{"0":{"loc":{"start":{"line":7,"column":22},"end":{"line":7,"column":52}},"type":"binary-expr","locations":[{"start":{"line":7,"column":22},"end":{"line":7,"column":46}},{"start":{"line":7,"column":50},"end":{"line":7,"column":52}}],"line":7},"1":{"loc":{"start":{"line":8,"column":26},"end":{"line":8,"column":61}},"type":"binary-expr","locations":[{"start":{"line":8,"column":26},"end":{"line":8,"column":54}},{"start":{"line":8,"column":58},"end":{"line":8,"column":61}}],"line":8},"2":{"loc":{"start":{"line":9,"column":21},"end":{"line":9,"column":null}},"type":"binary-expr","locations":[{"start":{"line":9,"column":21},"end":{"line":9,"column":51}},{"start":{"line":9,"column":55},"end":{"line":9,"column":null}}],"line":9},"3":{"loc":{"start":{"line":10,"column":20},"end":{"line":10,"column":null}},"type":"binary-expr","locations":[{"start":{"line":10,"column":20},"end":{"line":10,"column":49}},{"start":{"line":10,"column":53},"end":{"line":10,"column":null}}],"line":10},"4":{"loc":{"start":{"line":14,"column":2},"end":{"line":14,"column":null}},"type":"if","locations":[{"start":{"line":14,"column":2},"end":{"line":14,"column":null}},{"start":{},"end":{}}],"line":14},"5":{"loc":{"start":{"line":15,"column":2},"end":{"line":15,"column":null}},"type":"if","locations":[{"start":{"line":15,"column":2},"end":{"line":15,"column":null}},{"start":{},"end":{}}],"line":15},"6":{"loc":{"start":{"line":18,"column":16},"end":{"line":18,"column":null}},"type":"binary-expr","locations":[{"start":{"line":18,"column":16},"end":{"line":18,"column":39}},{"start":{"line":18,"column":39},"end":{"line":18,"column":null}}],"line":18},"7":{"loc":{"start":{"line":34,"column":44},"end":{"line":34,"column":62}},"type":"binary-expr","locations":[{"start":{"line":34,"column":44},"end":{"line":34,"column":59}},{"start":{"line":34,"column":59},"end":{"line":34,"column":62}}],"line":34},"8":{"loc":{"start":{"line":34,"column":62},"end":{"line":34,"column":82}},"type":"binary-expr","locations":[{"start":{"line":34,"column":62},"end":{"line":34,"column":77}},{"start":{"line":34,"column":77},"end":{"line":34,"column":82}}],"line":34},"9":{"loc":{"start":{"line":46,"column":44},"end":{"line":46,"column":62}},"type":"binary-expr","locations":[{"start":{"line":46,"column":44},"end":{"line":46,"column":59}},{"start":{"line":46,"column":59},"end":{"line":46,"column":62}}],"line":46},"10":{"loc":{"start":{"line":46,"column":62},"end":{"line":46,"column":83}},"type":"binary-expr","locations":[{"start":{"line":46,"column":62},"end":{"line":46,"column":77}},{"start":{"line":46,"column":77},"end":{"line":46,"column":83}}],"line":46},"11":{"loc":{"start":{"line":55,"column":2},"end":{"line":55,"column":null}},"type":"if","locations":[{"start":{"line":55,"column":2},"end":{"line":55,"column":null}},{"start":{},"end":{}}],"line":55}},"s":{"0":1,"1":4,"2":4,"3":4,"4":4,"5":4,"6":4,"7":4,"8":4,"9":1,"10":1,"11":4,"12":1,"13":1,"14":4,"15":4,"16":4,"17":4,"18":1,"19":2,"20":2,"21":2,"22":2,"23":1,"24":1,"25":1,"26":1,"27":1,"28":1,"29":2,"30":2,"31":2,"32":1,"33":1,"34":1},"f":{"0":4,"1":2,"2":1,"3":2},"b":{"0":[4,3],"1":[4,3],"2":[4,3],"3":[4,3],"4":[1,3],"5":[1,3],"6":[4,1],"7":[2,1],"8":[2,1],"9":[1,0],"10":[1,0],"11":[1,1]},"meta":{"lastBranch":12,"lastFunction":4,"lastStatement":35,"seen":{"s:5:13:26:Infinity":0,"f:5:36:5:43":0,"s:6:27:6:47":1,"s:7:15:7:52":2,"b:7:22:7:46:7:50:7:52":0,"s:8:19:8:61":3,"b:8:26:8:54:8:58:8:61":1,"s:9:21:9:Infinity":4,"b:9:21:9:51:9:55:9:Infinity":2,"s:10:20:10:Infinity":5,"b:10:20:10:49:10:53:10:Infinity":3,"s:12:14:12:Infinity":6,"s:13:24:13:26":7,"b:14:2:14:Infinity:undefined:undefined:undefined:undefined":4,"s:14:2:14:Infinity":8,"s:14:20:14:56":9,"s:14:56:14:Infinity":10,"b:15:2:15:Infinity:undefined:undefined:undefined:undefined":5,"s:15:2:15:Infinity":11,"s:15:19:15:54":12,"s:15:54:15:Infinity":13,"s:17:25:17:97":14,"s:18:16:18:Infinity":15,"b:18:16:18:39:18:39:18:Infinity":6,"s:20:20:22:Infinity":16,"s:25:2:25:Infinity":17,"s:28:13:38:Infinity":18,"f:28:37:28:44":1,"s:29:15:29:35":19,"s:30:78:30:Infinity":20,"s:32:22:34:Infinity":21,"b:34:44:34:59:34:59:34:62":7,"b:34:62:34:77:34:77:34:82":8,"s:37:2:37:Infinity":22,"s:40:13:50:Infinity":23,"f:40:36:40:43":2,"s:41:15:41:35":24,"s:42:82:42:Infinity":25,"s:44:2:47:Infinity":26,"b:46:44:46:59:46:59:46:62":9,"b:46:62:46:77:46:77:46:83":10,"s:49:2:49:Infinity":27,"s:52:13:59:Infinity":28,"f:52:39:52:46":3,"s:53:27:53:47":29,"s:54:13:54:35":30,"b:55:2:55:Infinity:undefined:undefined:undefined:undefined":11,"s:55:2:55:Infinity":31,"s:55:11:55:Infinity":32,"s:57:2:57:Infinity":33,"s:58:2:58:Infinity":34}}}
,"D:\\dcprint\\erp-project\\src\\components\\ui\\button.tsx": {"path":"D:\\dcprint\\erp-project\\src\\components\\ui\\button.tsx","statementMap":{"0":{"start":{"line":8,"column":6},"end":{"line":51,"column":null}},"1":{"start":{"line":73,"column":15},"end":{"line":73,"column":null}},"2":{"start":{"line":74,"column":21},"end":{"line":74,"column":null}},"3":{"start":{"line":76,"column":2},"end":{"line":95,"column":null}},"4":{"start":{"line":102,"column":2},"end":{"line":102,"column":null}},"5":{"start":{"line":106,"column":2},"end":{"line":106,"column":null}},"6":{"start":{"line":110,"column":2},"end":{"line":110,"column":null}},"7":{"start":{"line":114,"column":2},"end":{"line":114,"column":null}},"8":{"start":{"line":118,"column":2},"end":{"line":118,"column":null}},"9":{"start":{"line":122,"column":2},"end":{"line":122,"column":null}},"10":{"start":{"line":126,"column":2},"end":{"line":126,"column":null}},"11":{"start":{"line":130,"column":2},"end":{"line":130,"column":null}},"12":{"start":{"line":134,"column":2},"end":{"line":134,"column":null}}},"fnMap":{"0":{"name":"Button","decl":{"start":{"line":61,"column":9},"end":{"line":61,"column":16}},"loc":{"start":{"line":72,"column":16},"end":{"line":95,"column":null}},"line":72},"1":{"name":"PrimaryButton","decl":{"start":{"line":101,"column":16},"end":{"line":101,"column":30}},"loc":{"start":{"line":101,"column":67},"end":{"line":102,"column":null}},"line":101},"2":{"name":"SecondaryButton","decl":{"start":{"line":105,"column":16},"end":{"line":105,"column":32}},"loc":{"start":{"line":105,"column":69},"end":{"line":106,"column":null}},"line":105},"3":{"name":"OutlineButton","decl":{"start":{"line":109,"column":16},"end":{"line":109,"column":30}},"loc":{"start":{"line":109,"column":67},"end":{"line":110,"column":null}},"line":109},"4":{"name":"DestructiveButton","decl":{"start":{"line":113,"column":16},"end":{"line":113,"column":34}},"loc":{"start":{"line":113,"column":71},"end":{"line":114,"column":null}},"line":113},"5":{"name":"SuccessButton","decl":{"start":{"line":117,"column":16},"end":{"line":117,"column":30}},"loc":{"start":{"line":117,"column":67},"end":{"line":118,"column":null}},"line":117},"6":{"name":"WarningButton","decl":{"start":{"line":121,"column":16},"end":{"line":121,"column":30}},"loc":{"start":{"line":121,"column":67},"end":{"line":122,"column":null}},"line":121},"7":{"name":"InfoButton","decl":{"start":{"line":125,"column":16},"end":{"line":125,"column":27}},"loc":{"start":{"line":125,"column":64},"end":{"line":126,"column":null}},"line":125},"8":{"name":"GhostButton","decl":{"start":{"line":129,"column":16},"end":{"line":129,"column":28}},"loc":{"start":{"line":129,"column":65},"end":{"line":130,"column":null}},"line":129},"9":{"name":"LinkButton","decl":{"start":{"line":133,"column":16},"end":{"line":133,"column":27}},"loc":{"start":{"line":133,"column":64},"end":{"line":134,"column":null}},"line":133}},"branchMap":{"0":{"loc":{"start":{"line":63,"column":2},"end":{"line":63,"column":null}},"type":"default-arg","locations":[{"start":{"line":63,"column":12},"end":{"line":63,"column":null}}],"line":63},"1":{"loc":{"start":{"line":64,"column":2},"end":{"line":64,"column":null}},"type":"default-arg","locations":[{"start":{"line":64,"column":9},"end":{"line":64,"column":null}}],"line":64},"2":{"loc":{"start":{"line":65,"column":2},"end":{"line":65,"column":null}},"type":"default-arg","locations":[{"start":{"line":65,"column":10},"end":{"line":65,"column":null}}],"line":65},"3":{"loc":{"start":{"line":66,"column":2},"end":{"line":66,"column":null}},"type":"default-arg","locations":[{"start":{"line":66,"column":12},"end":{"line":66,"column":null}}],"line":66},"4":{"loc":{"start":{"line":67,"column":2},"end":{"line":67,"column":null}},"type":"default-arg","locations":[{"start":{"line":67,"column":12},"end":{"line":67,"column":null}}],"line":67},"5":{"loc":{"start":{"line":68,"column":2},"end":{"line":68,"column":null}},"type":"default-arg","locations":[{"start":{"line":68,"column":14},"end":{"line":68,"column":null}}],"line":68},"6":{"loc":{"start":{"line":73,"column":15},"end":{"line":73,"column":null}},"type":"cond-expr","locations":[{"start":{"line":73,"column":25},"end":{"line":73,"column":32}},{"start":{"line":73,"column":32},"end":{"line":73,"column":null}}],"line":73},"7":{"loc":{"start":{"line":74,"column":21},"end":{"line":74,"column":null}},"type":"binary-expr","locations":[{"start":{"line":74,"column":21},"end":{"line":74,"column":33}},{"start":{"line":74,"column":33},"end":{"line":74,"column":null}}],"line":74},"8":{"loc":{"start":{"line":84,"column":8},"end":{"line":84,"column":null}},"type":"binary-expr","locations":[{"start":{"line":84,"column":8},"end":{"line":84,"column":28}},{"start":{"line":84,"column":28},"end":{"line":84,"column":null}}],"line":84},"9":{"loc":{"start":{"line":85,"column":8},"end":{"line":85,"column":null}},"type":"binary-expr","locations":[{"start":{"line":85,"column":8},"end":{"line":85,"column":30}},{"start":{"line":85,"column":30},"end":{"line":85,"column":null}}],"line":85},"10":{"loc":{"start":{"line":86,"column":8},"end":{"line":86,"column":null}},"type":"binary-expr","locations":[{"start":{"line":86,"column":8},"end":{"line":86,"column":21}},{"start":{"line":86,"column":21},"end":{"line":86,"column":null}}],"line":86},"11":{"loc":{"start":{"line":87,"column":8},"end":{"line":87,"column":null}},"type":"binary-expr","locations":[{"start":{"line":87,"column":8},"end":{"line":87,"column":19}},{"start":{"line":87,"column":19},"end":{"line":87,"column":null}}],"line":87},"12":{"loc":{"start":{"line":92,"column":7},"end":{"line":95,"column":null}},"type":"binary-expr","locations":[{"start":{"line":92,"column":7},"end":{"line":92,"column":null}},{"start":{"line":93,"column":8},"end":{"line":95,"column":null}}],"line":92}},"s":{"0":2,"1":134,"2":134,"3":134,"4":0,"5":0,"6":0,"7":0,"8":0,"9":0,"10":0,"11":0,"12":0},"f":{"0":134,"1":0,"2":0,"3":0,"4":0,"5":0,"6":0,"7":0,"8":0,"9":0},"b":{"0":[134],"1":[134],"2":[134],"3":[134],"4":[134],"5":[134],"6":[0,134],"7":[134,133],"8":[134,1],"9":[134,1],"10":[134,1],"11":[134,2],"12":[134,2]},"meta":{"lastBranch":13,"lastFunction":10,"lastStatement":13,"seen":{"s:8:6:51:Infinity":0,"f:61:9:61:16":0,"b:63:12:63:Infinity":0,"b:64:9:64:Infinity":1,"b:65:10:65:Infinity":2,"b:66:12:66:Infinity":3,"b:67:12:67:Infinity":4,"b:68:14:68:Infinity":5,"s:73:15:73:Infinity":1,"b:73:25:73:32:73:32:73:Infinity":6,"s:74:21:74:Infinity":2,"b:74:21:74:33:74:33:74:Infinity":7,"s:76:2:95:Infinity":3,"b:84:8:84:28:84:28:84:Infinity":8,"b:85:8:85:30:85:30:85:Infinity":9,"b:86:8:86:21:86:21:86:Infinity":10,"b:87:8:87:19:87:19:87:Infinity":11,"b:92:7:92:Infinity:93:8:95:Infinity":12,"f:101:16:101:30":1,"s:102:2:102:Infinity":4,"f:105:16:105:32":2,"s:106:2:106:Infinity":5,"f:109:16:109:30":3,"s:110:2:110:Infinity":6,"f:113:16:113:34":4,"s:114:2:114:Infinity":7,"f:117:16:117:30":5,"s:118:2:118:Infinity":8,"f:121:16:121:30":6,"s:122:2:122:Infinity":9,"f:125:16:125:27":7,"s:126:2:126:Infinity":10,"f:129:16:129:28":8,"s:130:2:130:Infinity":11,"f:133:16:133:27":9,"s:134:2:134:Infinity":12}}}
,"D:\\dcprint\\erp-project\\src\\components\\ui\\input.tsx": {"path":"D:\\dcprint\\erp-project\\src\\components\\ui\\input.tsx","statementMap":{"0":{"start":{"line":6,"column":2},"end":{"line":17,"column":null}}},"fnMap":{"0":{"name":"Input","decl":{"start":{"line":5,"column":9},"end":{"line":5,"column":15}},"loc":{"start":{"line":5,"column":77},"end":{"line":17,"column":null}},"line":5}},"branchMap":{"0":{"loc":{"start":{"line":7,"column":24},"end":{"line":7,"column":null}},"type":"binary-expr","locations":[{"start":{"line":7,"column":24},"end":{"line":7,"column":45}},{"start":{"line":7,"column":45},"end":{"line":7,"column":null}}],"line":7}},"s":{"0":14},"f":{"0":14},"b":{"0":[14,13]},"meta":{"lastBranch":1,"lastFunction":1,"lastStatement":1,"seen":{"f:5:9:5:15":0,"s:6:2:17:Infinity":0,"b:7:24:7:45:7:45:7:Infinity":0}}}
,"D:\\dcprint\\erp-project\\src\\components\\ui\\table.tsx": {"path":"D:\\dcprint\\erp-project\\src\\components\\ui\\table.tsx","statementMap":{"0":{"start":{"line":1,"column":0},"end":{"line":1,"column":null}},"1":{"start":{"line":8,"column":2},"end":{"line":18,"column":null}},"2":{"start":{"line":23,"column":2},"end":{"line":28,"column":null}},"3":{"start":{"line":33,"column":2},"end":{"line":38,"column":null}},"4":{"start":{"line":43,"column":2},"end":{"line":51,"column":null}},"5":{"start":{"line":56,"column":2},"end":{"line":64,"column":null}},"6":{"start":{"line":69,"column":2},"end":{"line":77,"column":null}},"7":{"start":{"line":82,"column":2},"end":{"line":90,"column":null}},"8":{"start":{"line":98,"column":2},"end":{"line":103,"column":null}}},"fnMap":{"0":{"name":"Table","decl":{"start":{"line":7,"column":9},"end":{"line":7,"column":15}},"loc":{"start":{"line":7,"column":71},"end":{"line":18,"column":null}},"line":7},"1":{"name":"TableHeader","decl":{"start":{"line":22,"column":9},"end":{"line":22,"column":21}},"loc":{"start":{"line":22,"column":77},"end":{"line":28,"column":null}},"line":22},"2":{"name":"TableBody","decl":{"start":{"line":32,"column":9},"end":{"line":32,"column":19}},"loc":{"start":{"line":32,"column":75},"end":{"line":38,"column":null}},"line":32},"3":{"name":"TableFooter","decl":{"start":{"line":42,"column":9},"end":{"line":42,"column":21}},"loc":{"start":{"line":42,"column":77},"end":{"line":51,"column":null}},"line":42},"4":{"name":"TableRow","decl":{"start":{"line":55,"column":9},"end":{"line":55,"column":18}},"loc":{"start":{"line":55,"column":71},"end":{"line":64,"column":null}},"line":55},"5":{"name":"TableHead","decl":{"start":{"line":68,"column":9},"end":{"line":68,"column":19}},"loc":{"start":{"line":68,"column":72},"end":{"line":77,"column":null}},"line":68},"6":{"name":"TableCell","decl":{"start":{"line":81,"column":9},"end":{"line":81,"column":19}},"loc":{"start":{"line":81,"column":72},"end":{"line":90,"column":null}},"line":81},"7":{"name":"TableCaption","decl":{"start":{"line":94,"column":9},"end":{"line":94,"column":22}},"loc":{"start":{"line":97,"column":36},"end":{"line":103,"column":null}},"line":97}},"branchMap":{},"s":{"0":2,"1":13,"2":6,"3":10,"4":2,"5":145,"6":16,"7":511,"8":2},"f":{"0":13,"1":6,"2":10,"3":2,"4":145,"5":16,"6":511,"7":2},"b":{},"meta":{"lastBranch":0,"lastFunction":8,"lastStatement":9,"seen":{"s:1:0:1:Infinity":0,"f:7:9:7:15":0,"s:8:2:18:Infinity":1,"f:22:9:22:21":1,"s:23:2:28:Infinity":2,"f:32:9:32:19":2,"s:33:2:38:Infinity":3,"f:42:9:42:21":3,"s:43:2:51:Infinity":4,"f:55:9:55:18":4,"s:56:2:64:Infinity":5,"f:68:9:68:19":5,"s:69:2:77:Infinity":6,"f:81:9:81:19":6,"s:82:2:90:Infinity":7,"f:94:9:94:22":7,"s:98:2:103:Infinity":8}}}
,"D:\\dcprint\\erp-project\\src\\hooks\\use-toast.ts": {"path":"D:\\dcprint\\erp-project\\src\\hooks\\use-toast.ts","statementMap":{"0":{"start":{"line":17,"column":17},"end":{"line":17,"column":51}},"1":{"start":{"line":19,"column":8},"end":{"line":36,"column":8}},"2":{"start":{"line":20,"column":15},"end":{"line":20,"column":57}},"3":{"start":{"line":21,"column":28},"end":{"line":26,"column":null}},"4":{"start":{"line":28,"column":4},"end":{"line":28,"column":null}},"5":{"start":{"line":28,"column":24},"end":{"line":28,"column":43}},"6":{"start":{"line":31,"column":4},"end":{"line":33,"column":null}},"7":{"start":{"line":32,"column":6},"end":{"line":32,"column":null}},"8":{"start":{"line":32,"column":26},"end":{"line":32,"column":57}},"9":{"start":{"line":32,"column":45},"end":{"line":32,"column":57}},"10":{"start":{"line":35,"column":4},"end":{"line":35,"column":null}},"11":{"start":{"line":38,"column":8},"end":{"line":40,"column":8}},"12":{"start":{"line":39,"column":4},"end":{"line":39,"column":null}},"13":{"start":{"line":39,"column":24},"end":{"line":39,"column":55}},"14":{"start":{"line":39,"column":43},"end":{"line":39,"column":55}},"15":{"start":{"line":42,"column":2},"end":{"line":46,"column":null}}},"fnMap":{"0":{"name":"useToast","decl":{"start":{"line":16,"column":16},"end":{"line":16,"column":27}},"loc":{"start":{"line":16,"column":27},"end":{"line":46,"column":null}},"line":16},"1":{"name":"(anonymous_1)","decl":{"start":{"line":19,"column":16},"end":{"line":19,"column":29}},"loc":{"start":{"line":19,"column":55},"end":{"line":36,"column":7}},"line":19},"2":{"name":"(anonymous_2)","decl":{"start":{"line":28,"column":4},"end":{"line":28,"column":15}},"loc":{"start":{"line":28,"column":24},"end":{"line":28,"column":43}},"line":28},"3":{"name":"(anonymous_3)","decl":{"start":{"line":31,"column":4},"end":{"line":31,"column":21}},"loc":{"start":{"line":31,"column":21},"end":{"line":33,"column":12}},"line":31},"4":{"name":"(anonymous_4)","decl":{"start":{"line":32,"column":6},"end":{"line":32,"column":17}},"loc":{"start":{"line":32,"column":26},"end":{"line":32,"column":57}},"line":32},"5":{"name":"(anonymous_5)","decl":{"start":{"line":32,"column":31},"end":{"line":32,"column":39}},"loc":{"start":{"line":32,"column":45},"end":{"line":32,"column":57}},"line":32},"6":{"name":"(anonymous_6)","decl":{"start":{"line":38,"column":18},"end":{"line":38,"column":31}},"loc":{"start":{"line":38,"column":46},"end":{"line":40,"column":7}},"line":38},"7":{"name":"(anonymous_7)","decl":{"start":{"line":39,"column":4},"end":{"line":39,"column":15}},"loc":{"start":{"line":39,"column":24},"end":{"line":39,"column":55}},"line":39},"8":{"name":"(anonymous_8)","decl":{"start":{"line":39,"column":29},"end":{"line":39,"column":37}},"loc":{"start":{"line":39,"column":43},"end":{"line":39,"column":55}},"line":39}},"branchMap":{"0":{"loc":{"start":{"line":25,"column":15},"end":{"line":25,"column":null}},"type":"binary-expr","locations":[{"start":{"line":25,"column":15},"end":{"line":25,"column":34}},{"start":{"line":25,"column":34},"end":{"line":25,"column":null}}],"line":25}},"s":{"0":26,"1":26,"2":15,"3":15,"4":15,"5":15,"6":15,"7":3,"8":3,"9":4,"10":15,"11":26,"12":3,"13":3,"14":4,"15":26},"f":{"0":26,"1":15,"2":15,"3":3,"4":3,"5":4,"6":3,"7":3,"8":4},"b":{"0":[15,14]},"meta":{"lastBranch":1,"lastFunction":9,"lastStatement":16,"seen":{"f:16:16:16:27":0,"s:17:17:17:51":0,"s:19:8:36:8":1,"f:19:16:19:29":1,"s:20:15:20:57":2,"s:21:28:26:Infinity":3,"b:25:15:25:34:25:34:25:Infinity":0,"s:28:4:28:Infinity":4,"f:28:4:28:15":2,"s:28:24:28:43":5,"s:31:4:33:Infinity":6,"f:31:4:31:21":3,"s:32:6:32:Infinity":7,"f:32:6:32:17":4,"s:32:26:32:57":8,"f:32:31:32:39":5,"s:32:45:32:57":9,"s:35:4:35:Infinity":10,"s:38:8:40:8":11,"f:38:18:38:31":6,"s:39:4:39:Infinity":12,"f:39:4:39:15":7,"s:39:24:39:55":13,"f:39:29:39:37":8,"s:39:43:39:55":14,"s:42:2:46:Infinity":15}}}
,"D:\\dcprint\\erp-project\\src\\hooks\\useCompanyName.ts": {"path":"D:\\dcprint\\erp-project\\src\\hooks\\useCompanyName.ts","statementMap":{"0":{"start":{"line":4,"column":22},"end":{"line":4,"column":62}},"1":{"start":{"line":5,"column":18},"end":{"line":5,"column":46}},"2":{"start":{"line":7,"column":2},"end":{"line":48,"column":null}},"3":{"start":{"line":8,"column":29},"end":{"line":43,"column":null}},"4":{"start":{"line":9,"column":6},"end":{"line":43,"column":null}},"5":{"start":{"line":11,"column":23},"end":{"line":11,"column":68}},"6":{"start":{"line":12,"column":24},"end":{"line":12,"column":43}},"7":{"start":{"line":13,"column":8},"end":{"line":20,"column":null}},"8":{"start":{"line":14,"column":10},"end":{"line":16,"column":null}},"9":{"start":{"line":15,"column":12},"end":{"line":15,"column":null}},"10":{"start":{"line":16,"column":12},"end":{"line":16,"column":null}},"11":{"start":{"line":18,"column":10},"end":{"line":20,"column":null}},"12":{"start":{"line":19,"column":12},"end":{"line":19,"column":null}},"13":{"start":{"line":20,"column":12},"end":{"line":20,"column":null}},"14":{"start":{"line":25,"column":26},"end":{"line":25,"column":72}},"15":{"start":{"line":26,"column":27},"end":{"line":26,"column":49}},"16":{"start":{"line":27,"column":8},"end":{"line":37,"column":null}},"17":{"start":{"line":28,"column":36},"end":{"line":30,"column":null}},"18":{"start":{"line":29,"column":27},"end":{"line":29,"column":null}},"19":{"start":{"line":31,"column":35},"end":{"line":33,"column":null}},"20":{"start":{"line":32,"column":27},"end":{"line":32,"column":null}},"21":{"start":{"line":34,"column":10},"end":{"line":37,"column":null}},"22":{"start":{"line":35,"column":12},"end":{"line":35,"column":null}},"23":{"start":{"line":36,"column":21},"end":{"line":37,"column":null}},"24":{"start":{"line":37,"column":12},"end":{"line":37,"column":null}},"25":{"start":{"line":41,"column":8},"end":{"line":41,"column":null}},"26":{"start":{"line":43,"column":8},"end":{"line":43,"column":null}},"27":{"start":{"line":47,"column":4},"end":{"line":47,"column":null}},"28":{"start":{"line":50,"column":2},"end":{"line":50,"column":null}}},"fnMap":{"0":{"name":"useCompanyName","decl":{"start":{"line":3,"column":16},"end":{"line":3,"column":33}},"loc":{"start":{"line":3,"column":33},"end":{"line":50,"column":null}},"line":3},"1":{"name":"(anonymous_1)","decl":{"start":{"line":7,"column":2},"end":{"line":7,"column":18}},"loc":{"start":{"line":7,"column":18},"end":{"line":48,"column":7}},"line":7},"2":{"name":"(anonymous_2)","decl":{"start":{"line":8,"column":29},"end":{"line":8,"column":41}},"loc":{"start":{"line":8,"column":41},"end":{"line":43,"column":null}},"line":8},"3":{"name":"(anonymous_3)","decl":{"start":{"line":28,"column":57},"end":{"line":28,"column":null}},"loc":{"start":{"line":29,"column":27},"end":{"line":29,"column":null}},"line":29},"4":{"name":"(anonymous_4)","decl":{"start":{"line":31,"column":56},"end":{"line":31,"column":null}},"loc":{"start":{"line":32,"column":27},"end":{"line":32,"column":null}},"line":32}},"branchMap":{"0":{"loc":{"start":{"line":13,"column":8},"end":{"line":20,"column":null}},"type":"if","locations":[{"start":{"line":13,"column":8},"end":{"line":20,"column":null}},{"start":{},"end":{}}],"line":13},"1":{"loc":{"start":{"line":13,"column":12},"end":{"line":13,"column":45}},"type":"binary-expr","locations":[{"start":{"line":13,"column":12},"end":{"line":13,"column":31}},{"start":{"line":13,"column":31},"end":{"line":13,"column":45}}],"line":13},"2":{"loc":{"start":{"line":14,"column":10},"end":{"line":16,"column":null}},"type":"if","locations":[{"start":{"line":14,"column":10},"end":{"line":16,"column":null}},{"start":{},"end":{}}],"line":14},"3":{"loc":{"start":{"line":18,"column":10},"end":{"line":20,"column":null}},"type":"if","locations":[{"start":{"line":18,"column":10},"end":{"line":20,"column":null}},{"start":{},"end":{}}],"line":18},"4":{"loc":{"start":{"line":27,"column":8},"end":{"line":37,"column":null}},"type":"if","locations":[{"start":{"line":27,"column":8},"end":{"line":37,"column":null}},{"start":{},"end":{}}],"line":27},"5":{"loc":{"start":{"line":27,"column":12},"end":{"line":27,"column":57}},"type":"binary-expr","locations":[{"start":{"line":27,"column":12},"end":{"line":27,"column":34}},{"start":{"line":27,"column":34},"end":{"line":27,"column":57}}],"line":27},"6":{"loc":{"start":{"line":34,"column":10},"end":{"line":37,"column":null}},"type":"if","locations":[{"start":{"line":34,"column":10},"end":{"line":37,"column":null}},{"start":{"line":36,"column":21},"end":{"line":37,"column":null}}],"line":34},"7":{"loc":{"start":{"line":36,"column":21},"end":{"line":37,"column":null}},"type":"if","locations":[{"start":{"line":36,"column":21},"end":{"line":37,"column":null}},{"start":{},"end":{}}],"line":36}},"s":{"0":15,"1":15,"2":15,"3":8,"4":8,"5":8,"6":7,"7":6,"8":3,"9":2,"10":2,"11":1,"12":1,"13":1,"14":3,"15":3,"16":3,"17":3,"18":2,"19":3,"20":2,"21":3,"22":1,"23":2,"24":1,"25":2,"26":8,"27":8,"28":15},"f":{"0":15,"1":8,"2":8,"3":2,"4":2},"b":{"0":[3,3],"1":[6,4],"2":[2,1],"3":[1,0],"4":[3,0],"5":[3,3],"6":[1,2],"7":[1,1]},"meta":{"lastBranch":8,"lastFunction":5,"lastStatement":29,"seen":{"f:3:16:3:33":0,"s:4:22:4:62":0,"s:5:18:5:46":1,"s:7:2:48:Infinity":2,"f:7:2:7:18":1,"s:8:29:43:Infinity":3,"f:8:29:8:41":2,"s:9:6:43:Infinity":4,"s:11:23:11:68":5,"s:12:24:12:43":6,"b:13:8:20:Infinity:undefined:undefined:undefined:undefined":0,"s:13:8:20:Infinity":7,"b:13:12:13:31:13:31:13:45":1,"b:14:10:16:Infinity:undefined:undefined:undefined:undefined":2,"s:14:10:16:Infinity":8,"s:15:12:15:Infinity":9,"s:16:12:16:Infinity":10,"b:18:10:20:Infinity:undefined:undefined:undefined:undefined":3,"s:18:10:20:Infinity":11,"s:19:12:19:Infinity":12,"s:20:12:20:Infinity":13,"s:25:26:25:72":14,"s:26:27:26:49":15,"b:27:8:37:Infinity:undefined:undefined:undefined:undefined":4,"s:27:8:37:Infinity":16,"b:27:12:27:34:27:34:27:57":5,"s:28:36:30:Infinity":17,"f:28:57:28:Infinity":3,"s:29:27:29:Infinity":18,"s:31:35:33:Infinity":19,"f:31:56:31:Infinity":4,"s:32:27:32:Infinity":20,"b:34:10:37:Infinity:36:21:37:Infinity":6,"s:34:10:37:Infinity":21,"s:35:12:35:Infinity":22,"b:36:21:37:Infinity:undefined:undefined:undefined:undefined":7,"s:36:21:37:Infinity":23,"s:37:12:37:Infinity":24,"s:41:8:41:Infinity":25,"s:43:8:43:Infinity":26,"s:47:4:47:Infinity":27,"s:50:2:50:Infinity":28}}}
,"D:\\dcprint\\erp-project\\src\\lib\\api-response.ts": {"path":"D:\\dcprint\\erp-project\\src\\lib\\api-response.ts","statementMap":{"0":{"start":{"line":24,"column":2},"end":{"line":29,"column":null}},"1":{"start":{"line":38,"column":2},"end":{"line":44,"column":null}},"2":{"start":{"line":49,"column":2},"end":{"line":57,"column":null}},"3":{"start":{"line":61,"column":28},"end":{"line":69,"column":null}},"4":{"start":{"line":62,"column":42},"end":{"line":62,"column":74}},"5":{"start":{"line":63,"column":38},"end":{"line":63,"column":70}},"6":{"start":{"line":64,"column":35},"end":{"line":64,"column":67}},"7":{"start":{"line":65,"column":38},"end":{"line":65,"column":70}},"8":{"start":{"line":66,"column":34},"end":{"line":66,"column":66}},"9":{"start":{"line":67,"column":43},"end":{"line":67,"column":75}},"10":{"start":{"line":68,"column":40},"end":{"line":68,"column":null}},"11":{"start":{"line":76,"column":2},"end":{"line":82,"column":null}},"12":{"start":{"line":77,"column":4},"end":{"line":82,"column":null}},"13":{"start":{"line":78,"column":6},"end":{"line":78,"column":null}},"14":{"start":{"line":80,"column":6},"end":{"line":80,"column":null}},"15":{"start":{"line":81,"column":22},"end":{"line":81,"column":null}},"16":{"start":{"line":82,"column":6},"end":{"line":82,"column":null}},"17":{"start":{"line":92,"column":18},"end":{"line":95,"column":null}},"18":{"start":{"line":93,"column":18},"end":{"line":93,"column":null}},"19":{"start":{"line":94,"column":4},"end":{"line":94,"column":null}},"20":{"start":{"line":97,"column":2},"end":{"line":100,"column":null}},"21":{"start":{"line":114,"column":2},"end":{"line":131,"column":null}},"22":{"start":{"line":115,"column":4},"end":{"line":129,"column":null}},"23":{"start":{"line":131,"column":4},"end":{"line":131,"column":null}}},"fnMap":{"0":{"name":"successResponse","decl":{"start":{"line":23,"column":16},"end":{"line":23,"column":35}},"loc":{"start":{"line":23,"column":104},"end":{"line":29,"column":null}},"line":23},"1":{"name":"paginatedResponse","decl":{"start":{"line":33,"column":16},"end":{"line":33,"column":null}},"loc":{"start":{"line":37,"column":38},"end":{"line":44,"column":null}},"line":37},"2":{"name":"errorResponse","decl":{"start":{"line":48,"column":16},"end":{"line":48,"column":30}},"loc":{"start":{"line":48,"column":110},"end":{"line":57,"column":null}},"line":48},"3":{"name":"(anonymous_3)","decl":{"start":{"line":62,"column":2},"end":{"line":62,"column":17}},"loc":{"start":{"line":62,"column":42},"end":{"line":62,"column":74}},"line":62},"4":{"name":"(anonymous_4)","decl":{"start":{"line":63,"column":2},"end":{"line":63,"column":14}},"loc":{"start":{"line":63,"column":38},"end":{"line":63,"column":70}},"line":63},"5":{"name":"(anonymous_5)","decl":{"start":{"line":64,"column":2},"end":{"line":64,"column":13}},"loc":{"start":{"line":64,"column":35},"end":{"line":64,"column":67}},"line":64},"6":{"name":"(anonymous_6)","decl":{"start":{"line":65,"column":2},"end":{"line":65,"column":15}},"loc":{"start":{"line":65,"column":38},"end":{"line":65,"column":70}},"line":65},"7":{"name":"(anonymous_7)","decl":{"start":{"line":66,"column":2},"end":{"line":66,"column":13}},"loc":{"start":{"line":66,"column":34},"end":{"line":66,"column":66}},"line":66},"8":{"name":"(anonymous_8)","decl":{"start":{"line":67,"column":2},"end":{"line":67,"column":20}},"loc":{"start":{"line":67,"column":43},"end":{"line":67,"column":75}},"line":67},"9":{"name":"(anonymous_9)","decl":{"start":{"line":68,"column":2},"end":{"line":68,"column":16}},"loc":{"start":{"line":68,"column":40},"end":{"line":68,"column":null}},"line":68},"10":{"name":"withErrorHandler","decl":{"start":{"line":72,"column":16},"end":{"line":72,"column":null}},"loc":{"start":{"line":75,"column":5},"end":{"line":82,"column":null}},"line":75},"11":{"name":"(anonymous_11)","decl":{"start":{"line":76,"column":10},"end":{"line":76,"column":17}},"loc":{"start":{"line":76,"column":67},"end":{"line":82,"column":null}},"line":76},"12":{"name":"validateRequestBody","decl":{"start":{"line":88,"column":16},"end":{"line":88,"column":null}},"loc":{"start":{"line":91,"column":41},"end":{"line":100,"column":null}},"line":91},"13":{"name":"(anonymous_13)","decl":{"start":{"line":92,"column":33},"end":{"line":92,"column":40}},"loc":{"start":{"line":92,"column":49},"end":{"line":95,"column":null}},"line":92},"14":{"name":"logOperation","decl":{"start":{"line":103,"column":22},"end":{"line":103,"column":35}},"loc":{"start":{"line":113,"column":3},"end":{"line":131,"column":null}},"line":113}},"branchMap":{"0":{"loc":{"start":{"line":23,"column":44},"end":{"line":23,"column":62}},"type":"default-arg","locations":[{"start":{"line":23,"column":54},"end":{"line":23,"column":62}}],"line":23},"1":{"loc":{"start":{"line":23,"column":62},"end":{"line":23,"column":104}},"type":"default-arg","locations":[{"start":{"line":23,"column":69},"end":{"line":23,"column":104}}],"line":23},"2":{"loc":{"start":{"line":36,"column":2},"end":{"line":36,"column":null}},"type":"default-arg","locations":[{"start":{"line":36,"column":12},"end":{"line":36,"column":null}}],"line":36},"3":{"loc":{"start":{"line":48,"column":47},"end":{"line":48,"column":59}},"type":"default-arg","locations":[{"start":{"line":48,"column":54},"end":{"line":48,"column":59}}],"line":48},"4":{"loc":{"start":{"line":48,"column":59},"end":{"line":48,"column":110}},"type":"default-arg","locations":[{"start":{"line":48,"column":72},"end":{"line":48,"column":110}}],"line":48},"5":{"loc":{"start":{"line":62,"column":17},"end":{"line":62,"column":42}},"type":"default-arg","locations":[{"start":{"line":62,"column":27},"end":{"line":62,"column":42}}],"line":62},"6":{"loc":{"start":{"line":63,"column":14},"end":{"line":63,"column":38}},"type":"default-arg","locations":[{"start":{"line":63,"column":24},"end":{"line":63,"column":38}}],"line":63},"7":{"loc":{"start":{"line":64,"column":13},"end":{"line":64,"column":35}},"type":"default-arg","locations":[{"start":{"line":64,"column":23},"end":{"line":64,"column":35}}],"line":64},"8":{"loc":{"start":{"line":65,"column":15},"end":{"line":65,"column":38}},"type":"default-arg","locations":[{"start":{"line":65,"column":25},"end":{"line":65,"column":38}}],"line":65},"9":{"loc":{"start":{"line":66,"column":13},"end":{"line":66,"column":34}},"type":"default-arg","locations":[{"start":{"line":66,"column":23},"end":{"line":66,"column":34}}],"line":66},"10":{"loc":{"start":{"line":67,"column":20},"end":{"line":67,"column":43}},"type":"default-arg","locations":[{"start":{"line":67,"column":30},"end":{"line":67,"column":43}}],"line":67},"11":{"loc":{"start":{"line":68,"column":16},"end":{"line":68,"column":40}},"type":"default-arg","locations":[{"start":{"line":68,"column":26},"end":{"line":68,"column":40}}],"line":68},"12":{"loc":{"start":{"line":74,"column":2},"end":{"line":74,"column":null}},"type":"default-arg","locations":[{"start":{"line":74,"column":17},"end":{"line":74,"column":null}}],"line":74},"13":{"loc":{"start":{"line":81,"column":22},"end":{"line":81,"column":null}},"type":"cond-expr","locations":[{"start":{"line":81,"column":47},"end":{"line":81,"column":63}},{"start":{"line":81,"column":63},"end":{"line":81,"column":null}}],"line":81},"14":{"loc":{"start":{"line":94,"column":11},"end":{"line":94,"column":null}},"type":"binary-expr","locations":[{"start":{"line":94,"column":11},"end":{"line":94,"column":34}},{"start":{"line":94,"column":34},"end":{"line":94,"column":52}},{"start":{"line":94,"column":52},"end":{"line":94,"column":null}}],"line":94},"15":{"loc":{"start":{"line":120,"column":8},"end":{"line":120,"column":null}},"type":"binary-expr","locations":[{"start":{"line":120,"column":8},"end":{"line":120,"column":28}},{"start":{"line":120,"column":28},"end":{"line":120,"column":null}}],"line":120},"16":{"loc":{"start":{"line":124,"column":8},"end":{"line":124,"column":null}},"type":"binary-expr","locations":[{"start":{"line":124,"column":8},"end":{"line":124,"column":26}},{"start":{"line":124,"column":26},"end":{"line":124,"column":null}}],"line":124},"17":{"loc":{"start":{"line":125,"column":8},"end":{"line":125,"column":null}},"type":"cond-expr","locations":[{"start":{"line":125,"column":28},"end":{"line":125,"column":64}},{"start":{"line":125,"column":67},"end":{"line":125,"column":null}}],"line":125},"18":{"loc":{"start":{"line":126,"column":8},"end":{"line":126,"column":null}},"type":"cond-expr","locations":[{"start":{"line":126,"column":29},"end":{"line":126,"column":66}},{"start":{"line":126,"column":69},"end":{"line":126,"column":null}}],"line":126},"19":{"loc":{"start":{"line":127,"column":8},"end":{"line":127,"column":null}},"type":"binary-expr","locations":[{"start":{"line":127,"column":8},"end":{"line":127,"column":25}},{"start":{"line":127,"column":25},"end":{"line":127,"column":null}}],"line":127}},"s":{"0":3,"1":1,"2":12,"3":1,"4":1,"5":1,"6":2,"7":1,"8":1,"9":1,"10":1,"11":3,"12":3,"13":3,"14":2,"15":2,"16":2,"17":6,"18":12,"19":12,"20":6,"21":4,"22":4,"23":0},"f":{"0":3,"1":1,"2":12,"3":1,"4":1,"5":2,"6":1,"7":1,"8":1,"9":1,"10":3,"11":3,"12":6,"13":12,"14":4},"b":{"0":[3],"1":[3],"2":[1],"3":[12],"4":[12],"5":[1],"6":[1],"7":[2],"8":[1],"9":[1],"10":[1],"11":[1],"12":[3],"13":[1,1],"14":[12,8,7],"15":[4,3],"16":[4,3],"17":[2,2],"18":[2,2],"19":[4,3]},"meta":{"lastBranch":20,"lastFunction":15,"lastStatement":24,"seen":{"f:23:16:23:35":0,"b:23:54:23:62":0,"b:23:69:23:104":1,"s:24:2:29:Infinity":0,"f:33:16:33:Infinity":1,"b:36:12:36:Infinity":2,"s:38:2:44:Infinity":1,"f:48:16:48:30":2,"b:48:54:48:59":3,"b:48:72:48:110":4,"s:49:2:57:Infinity":2,"s:61:28:69:Infinity":3,"f:62:2:62:17":3,"s:62:42:62:74":4,"b:62:27:62:42":5,"f:63:2:63:14":4,"s:63:38:63:70":5,"b:63:24:63:38":6,"f:64:2:64:13":5,"s:64:35:64:67":6,"b:64:23:64:35":7,"f:65:2:65:15":6,"s:65:38:65:70":7,"b:65:25:65:38":8,"f:66:2:66:13":7,"s:66:34:66:66":8,"b:66:23:66:34":9,"f:67:2:67:20":8,"s:67:43:67:75":9,"b:67:30:67:43":10,"f:68:2:68:16":9,"s:68:40:68:Infinity":10,"b:68:26:68:40":11,"f:72:16:72:Infinity":10,"b:74:17:74:Infinity":12,"s:76:2:82:Infinity":11,"f:76:10:76:17":11,"s:77:4:82:Infinity":12,"s:78:6:78:Infinity":13,"s:80:6:80:Infinity":14,"s:81:22:81:Infinity":15,"b:81:47:81:63:81:63:81:Infinity":13,"s:82:6:82:Infinity":16,"f:88:16:88:Infinity":12,"s:92:18:95:Infinity":17,"f:92:33:92:40":13,"s:93:18:93:Infinity":18,"s:94:4:94:Infinity":19,"b:94:11:94:34:94:34:94:52:94:52:94:Infinity":14,"s:97:2:100:Infinity":20,"f:103:22:103:35":14,"s:114:2:131:Infinity":21,"s:115:4:129:Infinity":22,"b:120:8:120:28:120:28:120:Infinity":15,"b:124:8:124:26:124:26:124:Infinity":16,"b:125:28:125:64:125:67:125:Infinity":17,"b:126:29:126:66:126:69:126:Infinity":18,"b:127:8:127:25:127:25:127:Infinity":19,"s:131:4:131:Infinity":23}}}
,"D:\\dcprint\\erp-project\\src\\lib\\utils.ts": {"path":"D:\\dcprint\\erp-project\\src\\lib\\utils.ts","statementMap":{"0":{"start":{"line":6,"column":2},"end":{"line":6,"column":null}},"1":{"start":{"line":11,"column":20},"end":{"line":11,"column":43}},"2":{"start":{"line":12,"column":17},"end":{"line":12,"column":59}},"3":{"start":{"line":13,"column":2},"end":{"line":13,"column":null}},"4":{"start":{"line":18,"column":14},"end":{"line":18,"column":24}},"5":{"start":{"line":19,"column":15},"end":{"line":19,"column":32}},"6":{"start":{"line":20,"column":16},"end":{"line":20,"column":59}},"7":{"start":{"line":21,"column":14},"end":{"line":21,"column":52}},"8":{"start":{"line":22,"column":17},"end":{"line":22,"column":75}},"9":{"start":{"line":23,"column":2},"end":{"line":23,"column":null}},"10":{"start":{"line":28,"column":14},"end":{"line":28,"column":24}},"11":{"start":{"line":29,"column":15},"end":{"line":29,"column":32}},"12":{"start":{"line":30,"column":16},"end":{"line":30,"column":59}},"13":{"start":{"line":31,"column":14},"end":{"line":31,"column":52}},"14":{"start":{"line":32,"column":17},"end":{"line":32,"column":75}},"15":{"start":{"line":33,"column":2},"end":{"line":33,"column":null}},"16":{"start":{"line":38,"column":2},"end":{"line":38,"column":null}},"17":{"start":{"line":43,"column":16},"end":{"line":43,"column":33}},"18":{"start":{"line":44,"column":2},"end":{"line":45,"column":null}},"19":{"start":{"line":45,"column":4},"end":{"line":45,"column":null}},"20":{"start":{"line":47,"column":2},"end":{"line":51,"column":null}},"21":{"start":{"line":56,"column":2},"end":{"line":56,"column":null}},"22":{"start":{"line":56,"column":13},"end":{"line":56,"column":null}},"23":{"start":{"line":57,"column":12},"end":{"line":57,"column":26}},"24":{"start":{"line":58,"column":15},"end":{"line":58,"column":30}},"25":{"start":{"line":59,"column":16},"end":{"line":59,"column":57}},"26":{"start":{"line":60,"column":14},"end":{"line":60,"column":50}},"27":{"start":{"line":61,"column":15},"end":{"line":61,"column":52}},"28":{"start":{"line":62,"column":17},"end":{"line":62,"column":56}},"29":{"start":{"line":63,"column":17},"end":{"line":63,"column":56}},"30":{"start":{"line":65,"column":2},"end":{"line":71,"column":null}},"31":{"start":{"line":76,"column":14},"end":{"line":76,"column":null}},"32":{"start":{"line":77,"column":2},"end":{"line":77,"column":null}},"33":{"start":{"line":77,"column":18},"end":{"line":77,"column":null}},"34":{"start":{"line":78,"column":2},"end":{"line":81,"column":null}},"35":{"start":{"line":86,"column":14},"end":{"line":86,"column":null}},"36":{"start":{"line":87,"column":2},"end":{"line":87,"column":null}},"37":{"start":{"line":87,"column":18},"end":{"line":87,"column":null}},"38":{"start":{"line":88,"column":2},"end":{"line":91,"column":null}},"39":{"start":{"line":96,"column":2},"end":{"line":96,"column":null}},"40":{"start":{"line":96,"column":44},"end":{"line":96,"column":null}},"41":{"start":{"line":97,"column":2},"end":{"line":97,"column":null}},"42":{"start":{"line":102,"column":2},"end":{"line":102,"column":null}},"43":{"start":{"line":107,"column":17},"end":{"line":107,"column":41}},"44":{"start":{"line":108,"column":2},"end":{"line":108,"column":null}},"45":{"start":{"line":109,"column":2},"end":{"line":109,"column":null}},"46":{"start":{"line":114,"column":16},"end":{"line":114,"column":37}},"47":{"start":{"line":115,"column":16},"end":{"line":115,"column":37}},"48":{"start":{"line":116,"column":2},"end":{"line":116,"column":null}},"49":{"start":{"line":121,"column":16},"end":{"line":121,"column":56}},"50":{"start":{"line":121,"column":37},"end":{"line":121,"column":56}},"51":{"start":{"line":122,"column":2},"end":{"line":122,"column":null}}},"fnMap":{"0":{"name":"cn","decl":{"start":{"line":5,"column":16},"end":{"line":5,"column":19}},"loc":{"start":{"line":5,"column":44},"end":{"line":6,"column":null}},"line":5},"1":{"name":"generateId","decl":{"start":{"line":10,"column":16},"end":{"line":10,"column":27}},"loc":{"start":{"line":10,"column":56},"end":{"line":13,"column":null}},"line":10},"2":{"name":"generateOrderNo","decl":{"start":{"line":17,"column":16},"end":{"line":17,"column":32}},"loc":{"start":{"line":17,"column":56},"end":{"line":23,"column":null}},"line":17},"3":{"name":"generateBatchNo","decl":{"start":{"line":27,"column":16},"end":{"line":27,"column":32}},"loc":{"start":{"line":27,"column":63},"end":{"line":33,"column":null}},"line":27},"4":{"name":"generateQRCode","decl":{"start":{"line":37,"column":16},"end":{"line":37,"column":31}},"loc":{"start":{"line":37,"column":74},"end":{"line":38,"column":null}},"line":37},"5":{"name":"parseQRCode","decl":{"start":{"line":42,"column":16},"end":{"line":42,"column":28}},"loc":{"start":{"line":42,"column":100},"end":{"line":51,"column":null}},"line":42},"6":{"name":"formatDate","decl":{"start":{"line":55,"column":16},"end":{"line":55,"column":27}},"loc":{"start":{"line":55,"column":106},"end":{"line":71,"column":null}},"line":55},"7":{"name":"formatAmount","decl":{"start":{"line":75,"column":16},"end":{"line":75,"column":29}},"loc":{"start":{"line":75,"column":84},"end":{"line":81,"column":null}},"line":75},"8":{"name":"formatQuantity","decl":{"start":{"line":85,"column":16},"end":{"line":85,"column":31}},"loc":{"start":{"line":85,"column":88},"end":{"line":91,"column":null}},"line":85},"9":{"name":"calculateEfficiency","decl":{"start":{"line":95,"column":16},"end":{"line":95,"column":36}},"loc":{"start":{"line":95,"column":86},"end":{"line":97,"column":null}},"line":95},"10":{"name":"needsEfficiencyWarning","decl":{"start":{"line":101,"column":16},"end":{"line":101,"column":39}},"loc":{"start":{"line":101,"column":92},"end":{"line":102,"column":null}},"line":101},"11":{"name":"calculateExpiryDate","decl":{"start":{"line":106,"column":16},"end":{"line":106,"column":36}},"loc":{"start":{"line":106,"column":87},"end":{"line":109,"column":null}},"line":106},"12":{"name":"compareDate","decl":{"start":{"line":113,"column":16},"end":{"line":113,"column":28}},"loc":{"start":{"line":113,"column":72},"end":{"line":116,"column":null}},"line":113},"13":{"name":"getStatusConfig","decl":{"start":{"line":120,"column":16},"end":{"line":120,"column":32}},"loc":{"start":{"line":120,"column":155},"end":{"line":122,"column":null}},"line":120},"14":{"name":"(anonymous_14)","decl":{"start":{"line":121,"column":27},"end":{"line":121,"column":32}},"loc":{"start":{"line":121,"column":37},"end":{"line":121,"column":56}},"line":121}},"branchMap":{"0":{"loc":{"start":{"line":10,"column":27},"end":{"line":10,"column":56}},"type":"default-arg","locations":[{"start":{"line":10,"column":44},"end":{"line":10,"column":56}}],"line":10},"1":{"loc":{"start":{"line":13,"column":9},"end":{"line":13,"column":null}},"type":"cond-expr","locations":[{"start":{"line":13,"column":18},"end":{"line":13,"column":54}},{"start":{"line":13,"column":54},"end":{"line":13,"column":null}}],"line":13},"2":{"loc":{"start":{"line":44,"column":2},"end":{"line":45,"column":null}},"type":"if","locations":[{"start":{"line":44,"column":2},"end":{"line":45,"column":null}},{"start":{},"end":{}}],"line":44},"3":{"loc":{"start":{"line":44,"column":6},"end":{"line":44,"column":50}},"type":"binary-expr","locations":[{"start":{"line":44,"column":6},"end":{"line":44,"column":28}},{"start":{"line":44,"column":28},"end":{"line":44,"column":50}}],"line":44},"4":{"loc":{"start":{"line":55,"column":67},"end":{"line":55,"column":106}},"type":"default-arg","locations":[{"start":{"line":55,"column":84},"end":{"line":55,"column":106}}],"line":55},"5":{"loc":{"start":{"line":56,"column":2},"end":{"line":56,"column":null}},"type":"if","locations":[{"start":{"line":56,"column":2},"end":{"line":56,"column":null}},{"start":{},"end":{}}],"line":56},"6":{"loc":{"start":{"line":75,"column":54},"end":{"line":75,"column":84}},"type":"default-arg","locations":[{"start":{"line":75,"column":73},"end":{"line":75,"column":84}}],"line":75},"7":{"loc":{"start":{"line":76,"column":14},"end":{"line":76,"column":null}},"type":"cond-expr","locations":[{"start":{"line":76,"column":43},"end":{"line":76,"column":61}},{"start":{"line":76,"column":64},"end":{"line":76,"column":null}}],"line":76},"8":{"loc":{"start":{"line":77,"column":2},"end":{"line":77,"column":null}},"type":"if","locations":[{"start":{"line":77,"column":2},"end":{"line":77,"column":null}},{"start":{},"end":{}}],"line":77},"9":{"loc":{"start":{"line":85,"column":58},"end":{"line":85,"column":88}},"type":"default-arg","locations":[{"start":{"line":85,"column":77},"end":{"line":85,"column":88}}],"line":85},"10":{"loc":{"start":{"line":86,"column":14},"end":{"line":86,"column":null}},"type":"cond-expr","locations":[{"start":{"line":86,"column":45},"end":{"line":86,"column":65}},{"start":{"line":86,"column":68},"end":{"line":86,"column":null}}],"line":86},"11":{"loc":{"start":{"line":87,"column":2},"end":{"line":87,"column":null}},"type":"if","locations":[{"start":{"line":87,"column":2},"end":{"line":87,"column":null}},{"start":{},"end":{}}],"line":87},"12":{"loc":{"start":{"line":96,"column":2},"end":{"line":96,"column":null}},"type":"if","locations":[{"start":{"line":96,"column":2},"end":{"line":96,"column":null}},{"start":{},"end":{}}],"line":96},"13":{"loc":{"start":{"line":96,"column":6},"end":{"line":96,"column":44}},"type":"binary-expr","locations":[{"start":{"line":96,"column":6},"end":{"line":96,"column":25}},{"start":{"line":96,"column":25},"end":{"line":96,"column":44}}],"line":96},"14":{"loc":{"start":{"line":101,"column":59},"end":{"line":101,"column":92}},"type":"default-arg","locations":[{"start":{"line":101,"column":79},"end":{"line":101,"column":92}}],"line":101},"15":{"loc":{"start":{"line":122,"column":9},"end":{"line":122,"column":null}},"type":"cond-expr","locations":[{"start":{"line":122,"column":17},"end":{"line":122,"column":75}},{"start":{"line":122,"column":75},"end":{"line":122,"column":null}}],"line":122},"16":{"loc":{"start":{"line":122,"column":46},"end":{"line":122,"column":72}},"type":"binary-expr","locations":[{"start":{"line":122,"column":46},"end":{"line":122,"column":61}},{"start":{"line":122,"column":61},"end":{"line":122,"column":72}}],"line":122}},"s":{"0":856,"1":4,"2":4,"3":4,"4":3,"5":3,"6":3,"7":3,"8":3,"9":3,"10":1,"11":1,"12":1,"13":1,"14":1,"15":1,"16":1,"17":3,"18":3,"19":2,"20":1,"21":5,"22":2,"23":3,"24":3,"25":3,"26":3,"27":3,"28":3,"29":3,"30":3,"31":4,"32":4,"33":1,"34":3,"35":3,"36":3,"37":1,"38":2,"39":4,"40":3,"41":1,"42":6,"43":2,"44":2,"45":2,"46":4,"47":4,"48":4,"49":3,"50":4,"51":3},"f":{"0":856,"1":4,"2":3,"3":1,"4":1,"5":3,"6":5,"7":4,"8":3,"9":4,"10":6,"11":2,"12":4,"13":3,"14":4},"b":{"0":[4],"1":[3,1],"2":[2,1],"3":[3,1],"4":[5],"5":[2,3],"6":[4],"7":[2,2],"8":[1,3],"9":[3],"10":[1,2],"11":[1,2],"12":[3,1],"13":[4,2],"14":[6],"15":[2,1],"16":[2,1]},"meta":{"lastBranch":17,"lastFunction":15,"lastStatement":52,"seen":{"f:5:16:5:19":0,"s:6:2:6:Infinity":0,"f:10:16:10:27":1,"b:10:44:10:56":0,"s:11:20:11:43":1,"s:12:17:12:59":2,"s:13:2:13:Infinity":3,"b:13:18:13:54:13:54:13:Infinity":1,"f:17:16:17:32":2,"s:18:14:18:24":4,"s:19:15:19:32":5,"s:20:16:20:59":6,"s:21:14:21:52":7,"s:22:17:22:75":8,"s:23:2:23:Infinity":9,"f:27:16:27:32":3,"s:28:14:28:24":10,"s:29:15:29:32":11,"s:30:16:30:59":12,"s:31:14:31:52":13,"s:32:17:32:75":14,"s:33:2:33:Infinity":15,"f:37:16:37:31":4,"s:38:2:38:Infinity":16,"f:42:16:42:28":5,"s:43:16:43:33":17,"b:44:2:45:Infinity:undefined:undefined:undefined:undefined":2,"s:44:2:45:Infinity":18,"b:44:6:44:28:44:28:44:50":3,"s:45:4:45:Infinity":19,"s:47:2:51:Infinity":20,"f:55:16:55:27":6,"b:55:84:55:106":4,"b:56:2:56:Infinity:undefined:undefined:undefined:undefined":5,"s:56:2:56:Infinity":21,"s:56:13:56:Infinity":22,"s:57:12:57:26":23,"s:58:15:58:30":24,"s:59:16:59:57":25,"s:60:14:60:50":26,"s:61:15:61:52":27,"s:62:17:62:56":28,"s:63:17:63:56":29,"s:65:2:71:Infinity":30,"f:75:16:75:29":7,"b:75:73:75:84":6,"s:76:14:76:Infinity":31,"b:76:43:76:61:76:64:76:Infinity":7,"b:77:2:77:Infinity:undefined:undefined:undefined:undefined":8,"s:77:2:77:Infinity":32,"s:77:18:77:Infinity":33,"s:78:2:81:Infinity":34,"f:85:16:85:31":8,"b:85:77:85:88":9,"s:86:14:86:Infinity":35,"b:86:45:86:65:86:68:86:Infinity":10,"b:87:2:87:Infinity:undefined:undefined:undefined:undefined":11,"s:87:2:87:Infinity":36,"s:87:18:87:Infinity":37,"s:88:2:91:Infinity":38,"f:95:16:95:36":9,"b:96:2:96:Infinity:undefined:undefined:undefined:undefined":12,"s:96:2:96:Infinity":39,"b:96:6:96:25:96:25:96:44":13,"s:96:44:96:Infinity":40,"s:97:2:97:Infinity":41,"f:101:16:101:39":10,"b:101:79:101:92":14,"s:102:2:102:Infinity":42,"f:106:16:106:36":11,"s:107:17:107:41":43,"s:108:2:108:Infinity":44,"s:109:2:109:Infinity":45,"f:113:16:113:28":12,"s:114:16:114:37":46,"s:115:16:115:37":47,"s:116:2:116:Infinity":48,"f:120:16:120:32":13,"s:121:16:121:56":49,"f:121:27:121:32":14,"s:121:37:121:56":50,"s:122:2:122:Infinity":51,"b:122:17:122:75:122:75:122:Infinity":15,"b:122:46:122:61:122:61:122:72":16}}}
,"D:\\dcprint\\erp-project\\src\\lib\\validation.ts": {"path":"D:\\dcprint\\erp-project\\src\\lib\\validation.ts","statementMap":{"0":{"start":{"line":27,"column":114},"end":{"line":27,"column":null}},"1":{"start":{"line":30,"column":4},"end":{"line":31,"column":null}},"2":{"start":{"line":31,"column":6},"end":{"line":31,"column":null}},"3":{"start":{"line":35,"column":4},"end":{"line":36,"column":null}},"4":{"start":{"line":36,"column":6},"end":{"line":36,"column":null}},"5":{"start":{"line":40,"column":4},"end":{"line":42,"column":null}},"6":{"start":{"line":41,"column":24},"end":{"line":41,"column":61}},"7":{"start":{"line":42,"column":6},"end":{"line":42,"column":null}},"8":{"start":{"line":42,"column":21},"end":{"line":42,"column":null}},"9":{"start":{"line":46,"column":4},"end":{"line":51,"column":null}},"10":{"start":{"line":47,"column":6},"end":{"line":48,"column":null}},"11":{"start":{"line":48,"column":8},"end":{"line":48,"column":null}},"12":{"start":{"line":50,"column":6},"end":{"line":51,"column":null}},"13":{"start":{"line":51,"column":8},"end":{"line":51,"column":null}},"14":{"start":{"line":56,"column":4},"end":{"line":61,"column":null}},"15":{"start":{"line":57,"column":6},"end":{"line":58,"column":null}},"16":{"start":{"line":58,"column":8},"end":{"line":58,"column":null}},"17":{"start":{"line":60,"column":6},"end":{"line":61,"column":null}},"18":{"start":{"line":61,"column":8},"end":{"line":61,"column":null}},"19":{"start":{"line":66,"column":4},"end":{"line":71,"column":null}},"20":{"start":{"line":67,"column":6},"end":{"line":68,"column":null}},"21":{"start":{"line":68,"column":8},"end":{"line":68,"column":null}},"22":{"start":{"line":70,"column":6},"end":{"line":71,"column":null}},"23":{"start":{"line":71,"column":8},"end":{"line":71,"column":null}},"24":{"start":{"line":76,"column":4},"end":{"line":77,"column":null}},"25":{"start":{"line":77,"column":6},"end":{"line":77,"column":null}},"26":{"start":{"line":81,"column":4},"end":{"line":82,"column":null}},"27":{"start":{"line":82,"column":6},"end":{"line":82,"column":null}},"28":{"start":{"line":86,"column":4},"end":{"line":89,"column":null}},"29":{"start":{"line":87,"column":27},"end":{"line":87,"column":40}},"30":{"start":{"line":88,"column":6},"end":{"line":89,"column":null}},"31":{"start":{"line":89,"column":8},"end":{"line":89,"column":null}},"32":{"start":{"line":93,"column":4},"end":{"line":93,"column":null}},"33":{"start":{"line":98,"column":4},"end":{"line":127,"column":null}},"34":{"start":{"line":100,"column":8},"end":{"line":100,"column":null}},"35":{"start":{"line":100,"column":39},"end":{"line":100,"column":null}},"36":{"start":{"line":101,"column":8},"end":{"line":101,"column":null}},"37":{"start":{"line":103,"column":8},"end":{"line":103,"column":null}},"38":{"start":{"line":103,"column":55},"end":{"line":103,"column":null}},"39":{"start":{"line":104,"column":8},"end":{"line":104,"column":null}},"40":{"start":{"line":106,"column":8},"end":{"line":106,"column":null}},"41":{"start":{"line":106,"column":40},"end":{"line":106,"column":null}},"42":{"start":{"line":107,"column":8},"end":{"line":107,"column":null}},"43":{"start":{"line":109,"column":8},"end":{"line":109,"column":null}},"44":{"start":{"line":109,"column":35},"end":{"line":109,"column":null}},"45":{"start":{"line":110,"column":8},"end":{"line":110,"column":null}},"46":{"start":{"line":112,"column":8},"end":{"line":113,"column":null}},"47":{"start":{"line":113,"column":10},"end":{"line":113,"column":null}},"48":{"start":{"line":115,"column":8},"end":{"line":115,"column":null}},"49":{"start":{"line":117,"column":27},"end":{"line":117,"column":null}},"50":{"start":{"line":118,"column":8},"end":{"line":118,"column":null}},"51":{"start":{"line":118,"column":45},"end":{"line":118,"column":null}},"52":{"start":{"line":119,"column":8},"end":{"line":119,"column":null}},"53":{"start":{"line":121,"column":27},"end":{"line":121,"column":null}},"54":{"start":{"line":122,"column":8},"end":{"line":122,"column":null}},"55":{"start":{"line":122,"column":45},"end":{"line":122,"column":null}},"56":{"start":{"line":123,"column":8},"end":{"line":123,"column":null}},"57":{"start":{"line":125,"column":21},"end":{"line":125,"column":36}},"58":{"start":{"line":126,"column":8},"end":{"line":126,"column":null}},"59":{"start":{"line":126,"column":35}
[...]
},{"start":{"line":68,"column":26},"end":{"line":68,"column":null}}],"line":68},"27":{"loc":{"start":{"line":70,"column":6},"end":{"line":71,"column":null}},"type":"if","locations":[{"start":{"line":70,"column":6},"end":{"line":71,"column":null}},{"start":{},"end":{}}],"line":70},"28":{"loc":{"start":{"line":70,"column":10},"end":{"line":70,"column":63}},"type":"binary-expr","locations":[{"start":{"line":70,"column":10},"end":{"line":70,"column":37}},{"start":{"line":70,"column":37},"end":{"line":70,"column":63}}],"line":70},"29":{"loc":{"start":{"line":71,"column":15},"end":{"line":71,"column":null}},"type":"binary-expr","locations":[{"start":{"line":71,"column":15},"end":{"line":71,"column":26}},{"start":{"line":71,"column":26},"end":{"line":71,"column":null}}],"line":71},"30":{"loc":{"start":{"line":76,"column":4},"end":{"line":77,"column":null}},"type":"if","locations":[{"start":{"line":76,"column":4},"end":{"line":77,"column":null}},{"start":{},"end":{}}],"line":76},"31":{"loc":{"start":{"line":76,"column":8},"end":{"line":76,"column":47}},"type":"binary-expr","locations":[{"start":{"line":76,"column":8},"end":{"line":76,"column":19}},{"start":{"line":76,"column":19},"end":{"line":76,"column":47}}],"line":76},"32":{"loc":{"start":{"line":77,"column":13},"end":{"line":77,"column":null}},"type":"binary-expr","locations":[{"start":{"line":77,"column":13},"end":{"line":77,"column":24}},{"start":{"line":77,"column":24},"end":{"line":77,"column":null}}],"line":77},"33":{"loc":{"start":{"line":81,"column":4},"end":{"line":82,"column":null}},"type":"if","locations":[{"start":{"line":81,"column":4},"end":{"line":82,"column":null}},{"start":{},"end":{}}],"line":81},"34":{"loc":{"start":{"line":81,"column":8},"end":{"line":81,"column":49}},"type":"binary-expr","locations":[{"start":{"line":81,"column":8},"end":{"line":81,"column":22}},{"start":{"line":81,"column":22},"end":{"line":81,"column":49}}],"line":81},"35":{"loc":{"start":{"line":82,"column":13},"end":{"line":82,"column":null}},"type":"binary-expr","locations":[{"start":{"line":82,"column":13},"end":{"line":82,"column":24}},{"start":{"line":82,"column":24},"end":{"line":82,"column":null}}],"line":82},"36":{"loc":{"start":{"line":86,"column":4},"end":{"line":89,"column":null}},"type":"if","locations":[{"start":{"line":86,"column":4},"end":{"line":89,"column":null}},{"start":{},"end":{}}],"line":86},"37":{"loc":{"start":{"line":88,"column":6},"end":{"line":89,"column":null}},"type":"if","locations":[{"start":{"line":88,"column":6},"end":{"line":89,"column":null}},{"start":{},"end":{}}],"line":88},"38":{"loc":{"start":{"line":89,"column":15},"end":{"line":89,"column":null}},"type":"cond-expr","locations":[{"start":{"line":89,"column":50},"end":{"line":89,"column":66}},{"start":{"line":89,"column":66},"end":{"line":89,"column":null}}],"line":89},"39":{"loc":{"start":{"line":89,"column":66},"end":{"line":89,"column":null}},"type":"binary-expr","locations":[{"start":{"line":89,"column":66},"end":{"line":89,"column":77}},{"start":{"line":89,"column":77},"end":{"line":89,"column":null}}],"line":89},"40":{"loc":{"start":{"line":98,"column":4},"end":{"line":127,"column":null}},"type":"switch","locations":[{"start":{"line":99,"column":6},"end":{"line":101,"column":null}},{"start":{"line":102,"column":6},"end":{"line":104,"column":null}},{"start":{"line":105,"column":6},"end":{"line":107,"column":null}},{"start":{"line":108,"column":6},"end":{"line":110,"column":null}},{"start":{"line":111,"column":6},"end":{"line":115,"column":null}},{"start":{"line":116,"column":6},"end":{"line":119,"column":null}},{"start":{"line":120,"column":6},"end":{"line":123,"column":null}},{"start":{"line":124,"column":6},"end":{"line":127,"column":null}}],"line":98},"41":{"loc":{"start":{"line":100,"column":8},"end":{"line":100,"column":null}},"type":"if","locations":[{"start":{"line":100,"column":8},"end":{"line":100,"column":null}},{"start":{},"end":{}}],"line":100},"42":{"loc":{"start":{"line":103,"column":8},"end":{"line":103,"column":null}},"type":"if","locations":[{"start":{"line":103,"column":8},"end":{"line":103,"column":null}},{"start":{},"end":{}}],"line":103},"43":{"loc":{"start":{"line":103,"column":12},"end":{"line":103,"column":53}},"type":"binary-expr","locations":[{"start":{"line":103,"column":12},"end":{"line":103,"column":41}},{"start":{"line":103,"column":41},"end":{"line":103,"column":53}}],"line":103},"44":{"loc":{"start":{"line":106,"column":8},"end":{"line":106,"column":null}},"type":"if","locations":[{"start":{"line":106,"column":8},"end":{"line":106,"column":null}},{"start":{},"end":{}}],"line":106},"45":{"loc":{"start":{"line":109,"column":8},"end":{"line":109,"column":null}},"type":"if","locations":[{"start":{"line":109,"column":8},"end":{"line":109,"column":null}},{"start":{},"end":{}}],"line":109},"46":{"loc":{"start":{"line":112,"column":8},"end":{"line":113,"column":null}},"type":"if","locations":[{"start":{"line":112,"column":8},"end":{"line":113,"column":null}},{"start":{},"end":{}}],"line":112},"47":{"loc":{"start":{"line":112,"column":12},"end":{"line":112,"column":79}},"type":"binary-expr","locations":[{"start":{"line":112,"column":12},"end":{"line":112,"column":41}},{"start":{"line":112,"column":41},"end":{"line":112,"column":59}},{"start":{"line":112,"column":59},"end":{"line":112,"column":79}}],"line":112},"48":{"loc":{"start":{"line":118,"column":8},"end":{"line":118,"column":null}},"type":"if","locations":[{"start":{"line":118,"column":8},"end":{"line":118,"column":null}},{"start":{},"end":{}}],"line":118},"49":{"loc":{"start":{"line":122,"column":8},"end":{"line":122,"column":null}},"type":"if","locations":[{"start":{"line":122,"column":8},"end":{"line":122,"column":null}},{"start":{},"end":{}}],"line":122},"50":{"loc":{"start":{"line":126,"column":8},"end":{"line":126,"column":null}},"type":"if","locations":[{"start":{"line":126,"column":8},"end":{"line":126,"column":null}},{"start":{},"end":{}}],"line":126},"51":{"loc":{"start":{"line":139,"column":6},"end":{"line":140,"column":null}},"type":"if","locations":[{"start":{"line":139,"column":6},"end":{"line":140,"column":null}},{"start":{},"end":{}}],"line":139},"52":{"loc":{"start":{"line":156,"column":6},"end":{"line":157,"column":null}},"type":"if","locations":[{"start":{"line":156,"column":6},"end":{"line":157,"column":null}},{"start":{},"end":{}}],"line":156},"53":{"loc":{"start":{"line":156,"column":10},"end":{"line":156,"column":65}},"type":"binary-expr","locations":[{"start":{"line":156,"column":10},"end":{"line":156,"column":33}},{"start":{"line":156,"column":33},"end":{"line":156,"column":51}},{"start":{"line":156,"column":51},"end":{"line":156,"column":65}}],"line":156},"54":{"loc":{"start":{"line":171,"column":7},"end":{"line":171,"column":41}},"type":"default-arg","locations":[{"start":{"line":171,"column":15},"end":{"line":171,"column":41}}],"line":171},"55":{"loc":{"start":{"line":179,"column":9},"end":{"line":179,"column":25}},"type":"default-arg","locations":[{"start":{"line":179,"column":17},"end":{"line":179,"column":25}}],"line":179},"56":{"loc":{"start":{"line":179,"column":25},"end":{"line":179,"column":62}},"type":"default-arg","locations":[{"start":{"line":179,"column":36},"end":{"line":179,"column":62}}],"line":179},"57":{"loc":{"start":{"line":188,"column":9},"end":{"line":188,"column":25}},"type":"default-arg","locations":[{"start":{"line":188,"column":17},"end":{"line":188,"column":25}}],"line":188},"58":{"loc":{"start":{"line":188,"column":25},"end":{"line":188,"column":62}},"type":"default-arg","locations":[{"start":{"line":188,"column":36},"end":{"line":188,"column":62}}],"line":188},"59":{"loc":{"start":{"line":199,"column":10},"end":{"line":199,"column":27}},"type":"default-arg","locations":[{"start":{"line":199,"column":18},"end":{"line":199,"column":27}}],"line":199},"60":{"loc":{"start":{"line":199,"column":27},"end":{"line":199,"column":64}},"type":"default-arg","locations":[{"start":{"line":199,"column":38},"end":{"line":199,"column":64}}],"line":199},"61":{"loc":{"start":{"line":207,"column":10},"end":{"line":207,"column":27}},"type":"default-arg","locations":[{"start":{"line":207,"column":18},"end":{"line":207,"column":27}}],"line":207},"62":{"loc":{"start":{"line":207,"column":27},"end":{"line":207,"column":64}},"type":"default-arg","locations":[{"start":{"line":207,"column":38},"end":{"line":207,"column":64}}],"line":207},"63":{"loc":{"start":{"line":214,"column":13},"end":{"line":214,"column":33}},"type":"default-arg","locations":[{"start":{"line":214,"column":21},"end":{"line":214,"column":33}}],"line":214},"64":{"loc":{"start":{"line":214,"column":33},"end":{"line":214,"column":50}},"type":"default-arg","locations":[{"start":{"line":214,"column":44},"end":{"line":214,"column":50}}],"line":214},"65":{"loc":{"start":{"line":214,"column":50},"end":{"line":214,"column":59}},"type":"default-arg","locations":[{"start":{"line":214,"column":56},"end":{"line":214,"column":59}}],"line":214},"66":{"loc":{"start":{"line":219,"column":8},"end":{"line":219,"column":null}},"type":"binary-expr","locations":[{"start":{"line":219,"column":8},"end":{"line":219,"column":29}},{"start":{"line":219,"column":29},"end":{"line":219,"column":null}}],"line":219},"67":{"loc":{"start":{"line":223,"column":11},"end":{"line":223,"column":29}},"type":"default-arg","locations":[{"start":{"line":223,"column":19},"end":{"line":223,"column":29}}],"line":223},"68":{"loc":{"start":{"line":223,"column":29},"end":{"line":223,"column":46}},"type":"default-arg","locations":[{"start":{"line":223,"column":40},"end":{"line":223,"column":46}}],"line":223},"69":{"loc":{"start":{"line":223,"column":46},"end":{"line":223,"column":75}},"type":"default-arg","locations":[{"start":{"line":223,"column":52},"end":{"line":223,"column":75}}],"line":223},"70":{"loc":{"start":{"line":229,"column":29},"end":{"line":229,"column":67}},"type":"binary-expr","locations":[{"start":{"line":229,"column":29},"end":{"line":229,"column":63}},{"start":{"line":229,"column":63},"end":{"line":229,"column":67}}],"line":229},"71":{"loc":{"start":{"line":230,"column":13},"end":{"line":230,"column":null}},"type":"binary-expr","locations":[{"start":{"line":230,"column":13},"end":{"line":230,"column":35}},{"start":{"line":230,"column":35},"end":{"line":230,"column":null}}],"line":230},"72":{"loc":{"start":{"line":235,"column":11},"end":{"line":235,"column":29}},"type":"default-arg","locations":[{"start":{"line":235,"column":19},"end":{"line":235,"column":29}}],"line":235},"73":{"loc":{"start":{"line":235,"column":29},"end":{"line":235,"column":46}},"type":"default-arg","locations":[{"start":{"line":235,"column":40},"end":{"line":235,"column":46}}],"line":235},"74":{"loc":{"start":{"line":235,"column":46},"end":{"line":235,"column":72}},"type":"default-arg","locations":[{"start":{"line":235,"column":66},"end":{"line":235,"column":72}}],"line":235},"75":{"loc":{"start":{"line":243,"column":9},"end":{"line":243,"column":25}},"type":"default-arg","locations":[{"start":{"line":243,"column":17},"end":{"line":243,"column":25}}],"line":243},"76":{"loc":{"start":{"line":243,"column":25},"end":{"line":243,"column":62}},"type":"default-arg","locations":[{"start":{"line":243,"column":36},"end":{"line":243,"column":62}}],"line":243},"77":{"loc":{"start":{"line":250,"column":11},"end":{"line":250,"column":29}},"type":"default-arg","locations":[{"start":{"line":250,"column":19},"end":{"line":250,"column":29}}],"line":250},"78":{"loc":{"start":{"line":250,"column":29},"end":{"line":250,"column":47}},"type":"default-arg","locations":[{"start":{"line":250,"column":40},"end":{"line":250,"column":47}}],"line":250},"79":{"loc":{"start":{"line":250,"column":47},"end":{"line":250,"column":84}},"type":"default-arg","locations":[{"start":{"line":250,"column":59},"end":{"line":250,"column":84}}],"line":250}},"s":{"0":92,"1":92,"2":8,"3":84,"4":31,"5":53,"6":38,"7":38,"8":5,"9":48,"10":26,"11":8,"12":18,"13":3,"14":37,"15":22,"16":2,"17":20,"18":2,"19":33,"20":0,"21":0,"22":0,"23":0,"24":33,"25":2,"26":31,"27":4,"28":27,"29":4,"30":4,"31":2,"32":25,"33":38,"34":8,"35":1,"36":7,"37":26,"38":2,"39":24,"40":0,"41":0,"42":0,"43":0,"44":0,"45":0,"46":0,"47":0,"48":0,"49":2,"50":2,"51":1,"52":1,"53":2,"54":2,"55":1,"56":1,"57":0,"58":0,"59":0,"60":0,"61":33,"62":12,"63":12,"64":62,"65":62,"66":62,"67":14,"68":12,"69":0,"70":0,"71":0,"72":0,"73":0,"74":0,"75":1,"76":0,"77":7,"78":3,"79":3,"80":3,"81":5,"82":19,"83":2,"84":2,"85":1,"86":1,"87":5,"88":2,"89":2,"90":1,"91":2,"92":0,"93":2,"94":2,"95":2},"f":{"0":1,"1":1,"2":1,"3":1,"4":0,"5":7,"6":3,"7":3,"8":3,"9":5,"10":19,"11":2,"12":1,"13":1,"14":5,"15":2,"16":2,"17":2,"18":0,"19":2,"20":2,"21":2},"b":{"0":[8,84],"1":[92,26,25,24],"2":[8,7],"3":[31,53],"4":[84,66,37,36],"5":[38,15],"6":[5,33],"7":[5,5],"8":[26,22],"9":[48,24],"10":[8,18],"11":[26,20],"12":[8,8],"13":[3,15],"14":[18,4],"15":[3,3],"16":[22,15],"17":[2,20],"18":[22,5],"19":[2,2],"20":[2,18],"21":[20,5],"22":[2,2],"23":[0,33],"24":[0,0],"25":[0,0],"26":[0,0],"27":[0,0],"28":[0,0],"29":[0,0],"30":[2,31],"31":[33,6],"32":[2,2],"33":[4,27],"34":[31,7],"35":[4,4],"36":[4,23],"37":[2,2],"38":[2,0],"39":[0,0],"40":[8,26,0,0,0,2,2,0],"41":[1,7],"42":[2,24],"43":[26,24],"44":[0,0],"45":[0,0],"46":[0,0],"47":[0,0,0],"48":[1,1],"49":[1,1],"50":[0,0],"51":[14,48],"52":[0,0],"53":[0,0,0],"54":[0],"55":[7],"56":[7],"57":[3],"58":[3],"59":[3],"60":[3],"61":[3],"62":[3],"63":[5],"64":[5],"65":[5],"66":[5,1],"67":[19],"68":[19],"69":[19],"70":[2,1],"71":[2,1],"72":[1],"73":[1],"74":[1],"75":[1],"76":[1],"77":[5],"78":[5],"79":[5]},"meta":{"lastBranch":80,"lastFunction":22,"lastStatement":96,"seen":{"f:26:9:26:23":0,"s:27:114:27:Infinity":0,"b:30:4:31:Infinity:undefined:undefined:undefined:undefined":0,"s:30:4:31:Infinity":1,"b:30:8:30:21:30:21:30:44:30:44:30:62:30:62:30:77":1,"s:31:6:31:Infinity":2,"b:31:13:31:24:31:24:31:Infinity":2,"b:35:4:36:Infinity:undefined:undefined:undefined:undefined":3,"s:35:4:36:Infinity":3,"b:35:8:35:22:35:22:35:45:35:45:35:63:35:63:35:78":4,"s:36:6:36:Infinity":4,"b:40:4:42:Infinity:undefined:undefined:undefined:undefined":5,"s:40:4:42:Infinity":5,"s:41:24:41:61":6,"b:42:6:42:Infinity:undefined:undefined:undefined:undefined":6,"s:42:6:42:Infinity":7,"s:42:21:42:Infinity":8,"b:42:28:42:39:42:39:42:Infinity":7,"b:46:4:51:Infinity:undefined:undefined:undefined:undefined":8,"s:46:4:51:Infinity":9,"b:46:8:46:29:46:29:46:56":9,"b:47:6:48:Infinity:undefined:undefined:undefined:undefined":10,"s:47:6:48:Infinity":10,"b:47:10:47:31:47:31:47:44":11,"s:48:8:48:Infinity":11,"b:48:15:48:26:48:26:48:Infinity":12,"b:50:6:51:Infinity:undefined:undefined:undefined:undefined":13,"s:50:6:51:Infinity":12,"b:50:10:50:31:50:31:50:44":14,"s:51:8:51:Infinity":13,"b:51:15:51:26:51:26:51:Infinity":15,"b:56:4:61:Infinity:undefined:undefined:undefined:undefined":16,"s:56:4:61:Infinity":14,"b:57:6:58:Infinity:undefined:undefined:undefined:undefined":17,"s:57:6:58:Infinity":15,"b:57:10:57:37:57:37:57:63":18,"s:58:8:58:Infinity":16,"b:58:15:58:26:58:26:58:Infinity":19,"b:60:6:61:Infinity:undefined:undefined:undefined:undefined":20,"s:60:6:61:Infinity":17,"b:60:10:60:37:60:37:60:63":21,"s:61:8:61:Infinity":18,"b:61:15:61:26:61:26:61:Infinity":22,"b:66:4:71:Infinity:undefined:undefined:undefined:undefined":23,"s:66:4:71:Infinity":19,"b:67:6:68:Infinity:undefined:undefined:undefined:undefined":24,"s:67:6:68:Infinity":20,"b:67:10:67:37:67:37:67:63":25,"s:68:8:68:Infinity":21,"b:68:15:68:26:68:26:68:Infinity":26,"b:70:6:71:Infinity:undefined:undefined:undefined:undefined":27,"s:70:6:71:Infinity":22,"b:70:10:70:37:70:37:70:63":28,"s:71:8:71:Infinity":23,"b:71:15:71:26:71:26:71:Infinity":29,"b:76:4:77:Infinity:undefined:undefined:undefined:undefined":30,"s:76:4:77:Infinity":24,"b:76:8:76:19:76:19:76:47":31,"s:77:6:77:Infinity":25,"b:77:13:77:24:77:24:77:Infinity":32,"b:81:4:82:Infinity:undefined:undefined:undefined:undefined":33,"s:81:4:82:Infinity":26,"b:81:8:81:22:81:22:81:49":34,"s:82:6:82:Infinity":27,"b:82:13:82:24:82:24:82:Infinity":35,"b:86:4:89:Infinity:undefined:undefined:undefined:undefined":36,"s:86:4:89:Infinity":28,"s:87:27:87:40":29,"b:88:6:89:Infinity:undefined:undefined:undefined:undefined":37,"s:88:6:89:Infinity":30,"s:89:8:89:Infinity":31,"b:89:50:89:66:89:66:89:Infinity":38,"b:89:66:89:77:89:77:89:Infinity":39,"s:93:4:93:Infinity":32,"f:97:17:97:30":1,"b:99:6:101:Infinity:102:6:104:Infinity:105:6:107:Infinity:108:6:110:Infinity:111:6:115:Infinity:116:6:119:Infinity:120:6:123:Infinity:124:6:127:Infinity":40,"s:98:4:127:Infinity":33,"b:100:8:100:Infinity:undefined:undefined:undefined:undefined":41,"s:100:8:100:Infinity":34,"s:100:39:100:Infinity":35,"s:101:8:101:Infinity":36,"b:103:8:103:Infinity:undefined:undefined:undefined:undefined":42,"s:103:8:103:Infinity":37,"b:103:12:103:41:103:41:103:53":43,"s:103:55:103:Infinity":38,"s:104:8:104:Infinity":39,"b:106:8:106:Infinity:undefined:undefined:undefined:undefined":44,"s:106:8:106:Infinity":40,"s:106:40:106:Infinity":41,"s:107:8:107:Infinity":42,"b:109:8:109:Infinity:undefined:undefined:undefined:undefined":45,"s:109:8:109:Infinity":43,"s:109:35:109:Infinity":44,"s:110:8:110:Infinity":45,"b:112:8:113:Infinity:undefined:undefined:undefined:undefined":46,"s:112:8:113:Infinity":46,"b:112:12:112:41:112:41:112:59:112:59:112:79":47,"s:113:10:113:Infinity":47,"s:115:8:115:Infinity":48,"s:117:27:117:Infinity":49,"b:118:8:118:Infinity:undefined:undefined:undefined:undefined":48,"s:118:8:118:Infinity":50,"s:118:45:118:Infinity":51,"s:119:8:119:Infinity":52,"s:121:27:121:Infinity":53,"b:122:8:122:Infinity:undefined:undefined:undefined:undefined":49,"s:122:8:122:Infinity":54,"s:122:45:122:Infinity":55,"s:123:8:123:Infinity":56,"s:125:21:125:36":57,"b:126:8:126:Infinity:undefined:undefined:undefined:undefined":50,"s:126:8:126:Infinity":58,"s:126:35:126:Infinity":59,"s:127:8:127:Infinity":60,"s:129:4:129:Infinity":61,"f:133:9:133:18":2,"s:134:29:134:31":62,"s:136:4:140:Infinity":63,"s:137:20:137:Infinity":64,"s:138:20:138:51":65,"b:139:6:140:Infinity:undefined:undefined:undefined:undefined":51,"s:139:6:140:Infinity":66,"s:140:8:140:Infinity":67,"s:144:4:147:Infinity":68,"f:151:9:151:26":3,"s:152:29:152:31":69,"s:154:4:157:Infinity":70,"s:155:20:155:Infinity":71,"b:156:6:157:Infinity:undefined:undefined:undefined:undefined":52,"s:156:6:157:Infinity":72,"b:156:10:156:33:156:33:156:51:156:51:156:65":53,"s:157:8:157:Infinity":73,"s:161:4:164:Infinity":74,"s:169:33:256:Infinity":75,"f:171:2:171:7":4,"s:171:41:176:Infinity":76,"b:171:15:171:41":54,"f:179:2:179:9":5,"s:179:62:185:Infinity":77,"b:179:17:179:25":55,"b:179:36:179:62":56,"f:188:2:188:9":6,"s:188:62:196:Infinity":78,"b:188:17:188:25":57,"b:188:36:188:62":58,"f:199:2:199:10":7,"s:199:64:204:Infinity":79,"b:199:18:199:27":59,"b:199:38:199:64":60,"f:207:2:207:10":8,"s:207:64:211:Infinity":80,"b:207:18:207:27":61,"b:207:38:207:64":62,"f:214:2:214:13":9,"s:214:93:220:Infinity":81,"b:214:21:214:33":63,"b:214:44:214:50":64,"b:214:56:214:59":65,"b:219:8:219:29:219:29:219:Infinity":66,"f:223:2:223:11":10,"s:223:75:232:Infinity":82,"b:223:19:223:29":67,"b:223:40:223:46":68,"b:223:52:223:75":69,"f:228:4:228:13":11,"s:229:12:229:Infinity":83,"b:229:29:229:63:229:63:229:67":70,"s:230:6:230:Infinity":84,"b:230:13:230:35:230:35:230:Infinity":71,"f:235:2:235:11":12,"s:235:94:240:Infinity":85,"b:235:19:235:29":72,"b:235:40:235:46":73,"b:235:66:235:72":74,"f:243:2:243:9":13,"s:243:62:247:Infinity":86,"b:243:17:243:25":75,"b:243:36:243:62":76,"f:250:2:250:11":14,"s:250:84:255:Infinity":87,"b:250:19:250:29":77,"b:250:40:250:47":78,"b:250:59:250:84":79,"f:259:16:259:36":15,"s:260:2:261:Infinity":88,"f:260:2:260:10":16,"s:261:4:261:Infinity":89,"s:266:33:322:Infinity":90,"f:268:2:268:15":17,"s:269:4:272:Infinity":91,"f:276:2:276:7":18,"s:277:4:277:Infinity":92,"f:281:2:281:13":19,"s:282:4:290:Infinity":93,"f:294:2:294:11":20,"s:295:4:308:Infinity":94,"f:312:2:312:22":21,"s:313:4:320:Infinity":95}}}
}
